<?xml version="1.0" encoding="UTF-8"?>
<testsuite xmlns:xsi="http://www.w3.org/2001/XMLSchema-instance" xsi:noNamespaceSchemaLocation="https://maven.apache.org/surefire/maven-surefire-plugin/xsd/surefire-test-report-3.0.xsd" version="3.0" name="TestSuite" time="254.213" tests="14" errors="0" skipped="0" failures="4">
  <properties>
[...]
</properties>
  <testcase name="runScenario[&quot;View With Category Field&quot;, &quot;Optional[Verify Daraz works properly]&quot;](1)" classname="TestRunner.TestRunner" time="26.37">
    <failure message="no such element: Unable to locate element: {&quot;method&quot;:&quot;xpath&quot;,&quot;selector&quot;:&quot;//p[normalize-space()=&apos;Routers&apos;]&quot;}&#10;  (Session info: chrome=128.0.6613.85)&#10;For documentation on this error, please visit: https://selenium.dev/exceptions/#no_such_element&#10;Build info: version: &apos;4.1.3&apos;, revision: &apos;7b1ebf28ef&apos;&#10;System info: host: &apos;DESKTOP-BVQA7TS&apos;, ip: &apos;192.168.56.1&apos;, os.name: &apos;Windows 11&apos;, os.arch: &apos;amd64&apos;, os.version: &apos;10.0&apos;, java.version: &apos;17.0.5&apos;&#10;Driver info: org.openqa.selenium.remote.RemoteWebDriver&#10;Command: [b62650e45bf5abe071c881e21c1318bb, findElement {using=xpath, value=//p[normalize-space()=&apos;Routers&apos;]}]&#10;Capabilities {acceptInsecureCerts: false, browserName: chrome, browserVersion: 128.0.6613.85, chrome: {chromedriverVersion: 128.0.6613.84 (606aa55c7d68..., userDataDir: C:\Users\RAHULS~1\AppData\L...}, fedcm:accounts: true, goog:chromeOptions: {debuggerAddress: localhost:49598}, javascriptEnabled: true, networkConnectionEnabled: false, pageLoadStrategy: normal, platform: XP, platformName: XP, proxy: Proxy(), se:bidiEnabled: false, se:cdp: ws://localhost:4444/session..., se:cdpVersion: 128.0.6613.85, setWindowRect: true, strictFileInteractability: false, timeouts: {implicit: 0, pageLoad: 300000, script: 30000}, unhandledPromptBehavior: dismiss and notify, webauthn:extension:credBlob: true, webauthn:extension:largeBlob: true, webauthn:extension:minPinLength: true, webauthn:extension:prf: true, webauthn:virtualAuthenticators: true}&#10;Session ID: b62650e45bf5abe071c881e21c1318bb" type="org.openqa.selenium.NoSuchElementException"><![CDATA[org.openqa.selenium.NoSuchElementException: 
no such element: Unable to locate element: {"method":"xpath","selector":"//p[normalize-space()='Routers']"}
  (Session info: chrome=128.0.6613.85)
For documentation on this error, please visit: https://selenium.dev/exceptions/#no_such_element
Build info: version: '4.1.3', revision: '7b1ebf28ef'
System info: host: 'DESKTOP-BVQA7TS', ip: '192.168.56.1', os.name: 'Windows 11', os.arch: 'amd64', os.version: '10.0', java.version: '17.0.5'
Driver info: org.openqa.selenium.remote.RemoteWebDriver
Command: [b62650e45bf5abe071c881e21c1318bb, findElement {using=xpath, value=//p[normalize-space()='Routers']}]
Capabilities {acceptInsecureCerts: false, browserName: chrome, browserVersion: 128.0.6613.85, chrome: {chromedriverVersion: 128.0.6613.84 (606aa55c7d68..., userDataDir: C:\Users\RAHULS~1\AppData\L...}, fedcm:accounts: true, goog:chromeOptions: {debuggerAddress: localhost:49598}, javascriptEnabled: true, networkConnectionEnabled: false, pageLoadStrategy: normal, platform: XP, platformName: XP, proxy: Proxy(), se:bidiEnabled: false, se:cdp: ws://localhost:4444/session..., se:cdpVersion: 128.0.6613.85, setWindowRect: true, strictFileInteractability: false, timeouts: {implicit: 0, pageLoad: 300000, script: 30000}, unhandledPromptBehavior: dismiss and notify, webauthn:extension:credBlob: true, webauthn:extension:largeBlob: true, webauthn:extension:minPinLength: true, webauthn:extension:prf: true, webauthn:virtualAuthenticators: true}
Session ID: b62650e45bf5abe071c881e21c1318bb
]]></failure>
    <system-out><![CDATA[11:48:31.702 [TestNG-PoolService-2] DEBUG io.netty.util.internal.logging.InternalLoggerFactory -- Using SLF4J as the default logging framework
11:48:31.709 [TestNG-PoolService-2] DEBUG io.netty.util.ResourceLeakDetector -- -Dio.netty.leakDetection.level: simple
11:48:31.709 [TestNG-PoolService-2] DEBUG io.netty.util.ResourceLeakDetector -- -Dio.netty.leakDetection.targetRecords: 4
11:48:31.713 [TestNG-PoolService-2] DEBUG io.netty.util.ResourceLeakDetectorFactory -- Loaded default ResourceLeakDetector: io.netty.util.ResourceLeakDetector@17ce8639
11:48:31.730 [TestNG-PoolService-2] DEBUG io.netty.util.internal.PlatformDependent0 -- -Dio.netty.noUnsafe: false
11:48:31.730 [TestNG-PoolService-2] DEBUG io.netty.util.internal.PlatformDependent0 -- Java version: 17
11:48:31.732 [TestNG-PoolService-2] DEBUG io.netty.util.internal.PlatformDependent0 -- sun.misc.Unsafe.theUnsafe: available
11:48:31.733 [TestNG-PoolService-2] DEBUG io.netty.util.internal.PlatformDependent0 -- sun.misc.Unsafe.copyMemory: available
11:48:31.733 [TestNG-PoolService-2] DEBUG io.netty.util.internal.PlatformDependent0 -- java.nio.Buffer.address: available
11:48:31.734 [TestNG-PoolService-2] DEBUG io.netty.util.internal.PlatformDependent0 -- direct buffer constructor: unavailable: Reflective setAccessible(true) disabled
11:48:31.735 [TestNG-PoolService-2] DEBUG io.netty.util.internal.PlatformDependent0 -- java.nio.Bits.unaligned: available, true
11:48:31.735 [TestNG-PoolService-2] DEBUG io.netty.util.internal.PlatformDependent0 -- jdk.internal.misc.Unsafe.allocateUninitializedArray(int): unavailable: class io.netty.util.internal.PlatformDependent0$6 cannot access class jdk.internal.misc.Unsafe (in module java.base) because module java.base does not export jdk.internal.misc to unnamed module @77afea7d
11:48:31.736 [TestNG-PoolService-2] DEBUG io.netty.util.internal.PlatformDependent0 -- java.nio.DirectByteBuffer.<init>(long, int): unavailable
11:48:31.736 [TestNG-PoolService-2] DEBUG io.netty.util.internal.PlatformDependent -- sun.misc.Unsafe: available
11:48:31.737 [TestNG-PoolService-2] DEBUG io.netty.util.internal.PlatformDependent -- maxDirectMemory: 5301600256 bytes (maybe)
11:48:31.738 [TestNG-PoolService-2] DEBUG io.netty.util.internal.PlatformDependent -- -Dio.netty.tmpdir: C:\Users\RAHULS~1\AppData\Local\Temp (java.io.tmpdir)
11:48:31.738 [TestNG-PoolService-2] DEBUG io.netty.util.internal.PlatformDependent -- -Dio.netty.bitMode: 64 (sun.arch.data.model)
11:48:31.738 [TestNG-PoolService-2] DEBUG io.netty.util.internal.PlatformDependent -- Platform: Windows
11:48:31.739 [TestNG-PoolService-2] DEBUG io.netty.util.internal.PlatformDependent -- -Dio.netty.maxDirectMemory: -1 bytes
11:48:31.739 [TestNG-PoolService-2] DEBUG io.netty.util.internal.PlatformDependent -- -Dio.netty.uninitializedArrayAllocationThreshold: -1
11:48:31.740 [TestNG-PoolService-2] DEBUG io.netty.util.internal.CleanerJava9 -- java.nio.ByteBuffer.cleaner(): available
11:48:31.740 [TestNG-PoolService-2] DEBUG io.netty.util.internal.PlatformDependent -- -Dio.netty.noPreferDirect: false
11:48:31.747 [TestNG-PoolService-2] DEBUG io.netty.util.internal.PlatformDependent -- org.jctools-core.MpscChunkedArrayQueue: available
11:48:31.769 [TestNG-PoolService-2] DEBUG io.netty.util.internal.InternalThreadLocalMap -- -Dio.netty.threadLocalMap.stringBuilder.initialSize: 1024
11:48:31.770 [TestNG-PoolService-2] DEBUG io.netty.util.internal.InternalThreadLocalMap -- -Dio.netty.threadLocalMap.stringBuilder.maxSize: 4096
11:48:31.927 [TestNG-PoolService-2] DEBUG io.netty.handler.ssl.JdkSslContext -- Default protocols (JDK): [TLSv1.3, TLSv1.2] 
11:48:31.928 [TestNG-PoolService-2] DEBUG io.netty.handler.ssl.JdkSslContext -- Default cipher suites (JDK): [TLS_ECDHE_ECDSA_WITH_AES_256_GCM_SHA384, TLS_ECDHE_ECDSA_WITH_AES_128_GCM_SHA256, TLS_ECDHE_RSA_WITH_AES_128_GCM_SHA256, TLS_ECDHE_RSA_WITH_AES_256_GCM_SHA384, TLS_ECDHE_RSA_WITH_AES_128_CBC_SHA, TLS_ECDHE_RSA_WITH_AES_256_CBC_SHA, TLS_RSA_WITH_AES_128_GCM_SHA256, TLS_RSA_WITH_AES_128_CBC_SHA, TLS_RSA_WITH_AES_256_CBC_SHA, TLS_AES_128_GCM_SHA256, TLS_AES_256_GCM_SHA384]
11:48:31.959 [TestNG-PoolService-2] DEBUG io.netty.channel.MultithreadEventLoopGroup -- -Dio.netty.eventLoopThreads: 16
11:48:31.966 [TestNG-PoolService-2] DEBUG io.netty.channel.nio.NioEventLoop -- -Dio.netty.noKeySetOptimization: false
11:48:31.967 [TestNG-PoolService-2] DEBUG io.netty.channel.nio.NioEventLoop -- -Dio.netty.selectorAutoRebuildThreshold: 512
11:48:32.033 [TestNG-PoolService-2] DEBUG io.netty.buffer.PooledByteBufAllocator -- -Dio.netty.allocator.numHeapArenas: 16
11:48:32.033 [TestNG-PoolService-2] DEBUG io.netty.buffer.PooledByteBufAllocator -- -Dio.netty.allocator.numDirectArenas: 16
11:48:32.033 [TestNG-PoolService-2] DEBUG io.netty.buffer.PooledByteBufAllocator -- -Dio.netty.allocator.pageSize: 8192
11:48:32.033 [TestNG-PoolService-2] DEBUG io.netty.buffer.PooledByteBufAllocator -- -Dio.netty.allocator.maxOrder: 9
11:48:32.033 [TestNG-PoolService-2] DEBUG io.netty.buffer.PooledByteBufAllocator -- -Dio.netty.allocator.chunkSize: 4194304
11:48:32.033 [TestNG-PoolService-2] DEBUG io.netty.buffer.PooledByteBufAllocator -- -Dio.netty.allocator.smallCacheSize: 256
11:48:32.033 [TestNG-PoolService-2] DEBUG io.netty.buffer.PooledByteBufAllocator -- -Dio.netty.allocator.normalCacheSize: 64
11:48:32.033 [TestNG-PoolService-2] DEBUG io.netty.buffer.PooledByteBufAllocator -- -Dio.netty.allocator.maxCachedBufferCapacity: 32768
11:48:32.034 [TestNG-PoolService-2] DEBUG io.netty.buffer.PooledByteBufAllocator -- -Dio.netty.allocator.cacheTrimInterval: 8192
11:48:32.034 [TestNG-PoolService-2] DEBUG io.netty.buffer.PooledByteBufAllocator -- -Dio.netty.allocator.cacheTrimIntervalMillis: 0
11:48:32.034 [TestNG-PoolService-2] DEBUG io.netty.buffer.PooledByteBufAllocator -- -Dio.netty.allocator.useCacheForAllThreads: false
11:48:32.034 [TestNG-PoolService-2] DEBUG io.netty.buffer.PooledByteBufAllocator -- -Dio.netty.allocator.maxCachedByteBuffersPerChunk: 1023
11:48:32.044 [TestNG-PoolService-2] DEBUG io.netty.buffer.ByteBufUtil -- -Dio.netty.allocator.type: pooled
11:48:32.044 [TestNG-PoolService-2] DEBUG io.netty.buffer.ByteBufUtil -- -Dio.netty.threadLocalDirectBufferSize: 0
11:48:32.044 [TestNG-PoolService-2] DEBUG io.netty.buffer.ByteBufUtil -- -Dio.netty.maxThreadLocalCharBufferSize: 16384
11:48:32.419 [Forwarding newSession on session null to remote] DEBUG io.netty.channel.DefaultChannelId -- -Dio.netty.processId: 20788 (auto-detected)
11:48:32.420 [Forwarding newSession on session null to remote] DEBUG io.netty.util.NetUtil -- -Djava.net.preferIPv4Stack: false
11:48:32.420 [Forwarding newSession on session null to remote] DEBUG io.netty.util.NetUtil -- -Djava.net.preferIPv6Addresses: false
11:48:32.434 [Forwarding newSession on session null to remote] DEBUG io.netty.util.NetUtilInitializations -- Loopback interface: lo (Software Loopback Interface 1, 127.0.0.1)
11:48:32.435 [Forwarding newSession on session null to remote] DEBUG io.netty.util.NetUtil -- Failed to get SOMAXCONN from sysctl and file \proc\sys\net\core\somaxconn. Default: 200
11:48:32.486 [Forwarding newSession on session null to remote] DEBUG io.netty.channel.DefaultChannelId -- -Dio.netty.machineId: c4:23:60:ff:fe:1c:00:07 (auto-detected)
11:48:32.527 [AsyncHttpClient-1-2] DEBUG io.netty.buffer.AbstractByteBuf -- -Dio.netty.buffer.checkAccessible: true
11:48:32.527 [AsyncHttpClient-1-2] DEBUG io.netty.buffer.AbstractByteBuf -- -Dio.netty.buffer.checkBounds: true
11:48:32.527 [AsyncHttpClient-1-2] DEBUG io.netty.util.ResourceLeakDetectorFactory -- Loaded default ResourceLeakDetector: io.netty.util.ResourceLeakDetector@17815b4b
11:48:32.538 [AsyncHttpClient-1-2] DEBUG org.asynchttpclient.netty.channel.NettyConnectListener -- Using new Channel '[id: 0x96cd561f, L:/127.0.0.1:49586 - R:localhost/127.0.0.1:4444]' for 'POST' to '/wd/hub/session'
11:48:32.538 [AsyncHttpClient-1-4] DEBUG org.asynchttpclient.netty.channel.NettyConnectListener -- Using new Channel '[id: 0x6569de87, L:/127.0.0.1:49585 - R:localhost/127.0.0.1:4444]' for 'POST' to '/wd/hub/session'
11:48:32.538 [AsyncHttpClient-1-3] DEBUG org.asynchttpclient.netty.channel.NettyConnectListener -- Using new Channel '[id: 0x18146819, L:/127.0.0.1:49584 - R:localhost/127.0.0.1:4444]' for 'POST' to '/wd/hub/session'
11:48:32.551 [AsyncHttpClient-1-4] DEBUG io.netty.util.Recycler -- -Dio.netty.recycler.maxCapacityPerThread: 4096
11:48:32.551 [AsyncHttpClient-1-4] DEBUG io.netty.util.Recycler -- -Dio.netty.recycler.ratio: 8
11:48:32.551 [AsyncHttpClient-1-4] DEBUG io.netty.util.Recycler -- -Dio.netty.recycler.chunkSize: 32
11:48:32.551 [AsyncHttpClient-1-4] DEBUG io.netty.util.Recycler -- -Dio.netty.recycler.blocking: false
11:48:34.287 [AsyncHttpClient-1-2] DEBUG io.netty.handler.codec.compression.Brotli -- brotli4j not in the classpath; Brotli support will be unavailable.
11:48:34.288 [AsyncHttpClient-1-2] DEBUG org.asynchttpclient.netty.handler.HttpHandler -- 

Request DefaultHttpRequest(decodeResult: success, version: HTTP/1.1)
POST /wd/hub/session HTTP/1.1
User-Agent: selenium/4.1.3 (java windows)
traceparent: 00-156759c6d3294e405c7ba92a0817c853-03bc30176485a39f-01
Content-Length: 341
Content-Type: application/json; charset=utf-8
host: localhost:4444
accept: */*

Response DefaultHttpResponse(decodeResult: success, version: HTTP/1.1)
HTTP/1.1 200 OK
Cache-Control: no-cache
Content-Type: application/json; charset=utf-8
content-length: 1350

11:48:34.300 [AsyncHttpClient-1-2] DEBUG org.asynchttpclient.netty.channel.ChannelManager -- Adding key: http://localhost:4444 for channel [id: 0x96cd561f, L:/127.0.0.1:49586 - R:localhost/127.0.0.1:4444]
11:48:34.503 [AsyncHttpClient-1-4] DEBUG org.asynchttpclient.netty.handler.HttpHandler -- 

Request DefaultHttpRequest(decodeResult: success, version: HTTP/1.1)
POST /wd/hub/session HTTP/1.1
User-Agent: selenium/4.1.3 (java windows)
traceparent: 00-65a35b1ec626623aaac345c7333a68bc-467785cc52087d82-01
Content-Length: 341
Content-Type: application/json; charset=utf-8
host: localhost:4444
accept: */*

Response DefaultHttpResponse(decodeResult: success, version: HTTP/1.1)
HTTP/1.1 200 OK
Cache-Control: no-cache
Content-Type: application/json; charset=utf-8
content-length: 1350

11:48:34.504 [AsyncHttpClient-1-4] DEBUG org.asynchttpclient.netty.channel.ChannelManager -- Adding key: http://localhost:4444 for channel [id: 0x6569de87, L:/127.0.0.1:49585 - R:localhost/127.0.0.1:4444]
11:48:34.589 [Forwarding setTimeout on session c92b95a2dd478a0090ecfbd288cb1b72 to remote] DEBUG org.asynchttpclient.netty.request.NettyRequestSender -- Using pooled Channel '[id: 0x6569de87, L:/127.0.0.1:49585 - R:localhost/127.0.0.1:4444]' for 'POST' to 'http://localhost:4444/wd/hub/session/c92b95a2dd478a0090ecfbd288cb1b72/timeouts'
11:48:34.589 [Forwarding setTimeout on session c92b95a2dd478a0090ecfbd288cb1b72 to remote] DEBUG org.asynchttpclient.netty.request.NettyRequestSender -- Using open Channel [id: 0x6569de87, L:/127.0.0.1:49585 - R:localhost/127.0.0.1:4444] for POST '/wd/hub/session/c92b95a2dd478a0090ecfbd288cb1b72/timeouts'
11:48:34.590 [Forwarding setTimeout on session b62650e45bf5abe071c881e21c1318bb to remote] DEBUG org.asynchttpclient.netty.request.NettyRequestSender -- Using pooled Channel '[id: 0x96cd561f, L:/127.0.0.1:49586 - R:localhost/127.0.0.1:4444]' for 'POST' to 'http://localhost:4444/wd/hub/session/b62650e45bf5abe071c881e21c1318bb/timeouts'
11:48:34.590 [AsyncHttpClient-1-3] DEBUG org.asynchttpclient.netty.handler.HttpHandler -- 

Request DefaultHttpRequest(decodeResult: success, version: HTTP/1.1)
POST /wd/hub/session HTTP/1.1
User-Agent: selenium/4.1.3 (java windows)
traceparent: 00-cc2b5a77162b514f34acfa5b02255a8c-cd2daa45bad1f50f-01
Content-Length: 341
Content-Type: application/json; charset=utf-8
host: localhost:4444
accept: */*

Response DefaultHttpResponse(decodeResult: success, version: HTTP/1.1)
HTTP/1.1 200 OK
Cache-Control: no-cache
Content-Type: application/json; charset=utf-8
content-length: 1351

11:48:34.591 [Forwarding setTimeout on session b62650e45bf5abe071c881e21c1318bb to remote] DEBUG org.asynchttpclient.netty.request.NettyRequestSender -- Using open Channel [id: 0x96cd561f, L:/127.0.0.1:49586 - R:localhost/127.0.0.1:4444] for POST '/wd/hub/session/b62650e45bf5abe071c881e21c1318bb/timeouts'
11:48:34.591 [AsyncHttpClient-1-3] DEBUG org.asynchttpclient.netty.channel.ChannelManager -- Adding key: http://localhost:4444 for channel [id: 0x18146819, L:/127.0.0.1:49584 - R:localhost/127.0.0.1:4444]
11:48:34.606 [Forwarding setTimeout on session f029d7028ed5684762df860f040bd6cc to remote] DEBUG org.asynchttpclient.netty.request.NettyRequestSender -- Using pooled Channel '[id: 0x18146819, L:/127.0.0.1:49584 - R:localhost/127.0.0.1:4444]' for 'POST' to 'http://localhost:4444/wd/hub/session/f029d7028ed5684762df860f040bd6cc/timeouts'
11:48:34.607 [Forwarding setTimeout on session f029d7028ed5684762df860f040bd6cc to remote] DEBUG org.asynchttpclient.netty.request.NettyRequestSender -- Using open Channel [id: 0x18146819, L:/127.0.0.1:49584 - R:localhost/127.0.0.1:4444] for POST '/wd/hub/session/f029d7028ed5684762df860f040bd6cc/timeouts'
11:48:34.646 [AsyncHttpClient-1-4] DEBUG org.asynchttpclient.netty.handler.HttpHandler -- 

Request DefaultHttpRequest(decodeResult: success, version: HTTP/1.1)
POST /wd/hub/session/c92b95a2dd478a0090ecfbd288cb1b72/timeouts HTTP/1.1
User-Agent: selenium/4.1.3 (java windows)
traceparent: 00-e3ac5fdd4a3aa27e271822195f26d371-20be3d21f25fcfdd-01
Content-Length: 22
Content-Type: application/json; charset=utf-8
host: localhost:4444
accept: */*

Response DefaultHttpResponse(decodeResult: success, version: HTTP/1.1)
HTTP/1.1 200 OK
content-type: application/json; charset=utf-8
cache-control: no-cache
content-length: 14

11:48:34.646 [AsyncHttpClient-1-4] DEBUG org.asynchttpclient.netty.channel.ChannelManager -- Adding key: http://localhost:4444 for channel [id: 0x6569de87, L:/127.0.0.1:49585 - R:localhost/127.0.0.1:4444]
11:48:34.647 [AsyncHttpClient-1-3] DEBUG org.asynchttpclient.netty.handler.HttpHandler -- 

Request DefaultHttpRequest(decodeResult: success, version: HTTP/1.1)
POST /wd/hub/session/f029d7028ed5684762df860f040bd6cc/timeouts HTTP/1.1
User-Agent: selenium/4.1.3 (java windows)
traceparent: 00-7a3999453baa6d90ff53032291bde3cc-35aaa83d6d459a3f-01
Content-Length: 22
Content-Type: application/json; charset=utf-8
host: localhost:4444
accept: */*

Response DefaultHttpResponse(decodeResult: success, version: HTTP/1.1)
HTTP/1.1 200 OK
content-type: application/json; charset=utf-8
cache-control: no-cache
content-length: 14

11:48:34.648 [AsyncHttpClient-1-3] DEBUG org.asynchttpclient.netty.channel.ChannelManager -- Adding key: http://localhost:4444 for channel [id: 0x18146819, L:/127.0.0.1:49584 - R:localhost/127.0.0.1:4444]
11:48:34.654 [Forwarding maximizeCurrentWindow on session f029d7028ed5684762df860f040bd6cc to remote] DEBUG org.asynchttpclient.netty.request.NettyRequestSender -- Using pooled Channel '[id: 0x18146819, L:/127.0.0.1:49584 - R:localhost/127.0.0.1:4444]' for 'POST' to 'http://localhost:4444/wd/hub/session/f029d7028ed5684762df860f040bd6cc/window/maximize'
11:48:34.655 [Forwarding maximizeCurrentWindow on session f029d7028ed5684762df860f040bd6cc to remote] DEBUG org.asynchttpclient.netty.request.NettyRequestSender -- Using open Channel [id: 0x18146819, L:/127.0.0.1:49584 - R:localhost/127.0.0.1:4444] for POST '/wd/hub/session/f029d7028ed5684762df860f040bd6cc/window/maximize'
11:48:34.656 [Forwarding maximizeCurrentWindow on session c92b95a2dd478a0090ecfbd288cb1b72 to remote] DEBUG org.asynchttpclient.netty.request.NettyRequestSender -- Using pooled Channel '[id: 0x6569de87, L:/127.0.0.1:49585 - R:localhost/127.0.0.1:4444]' for 'POST' to 'http://localhost:4444/wd/hub/session/c92b95a2dd478a0090ecfbd288cb1b72/window/maximize'
11:48:34.656 [Forwarding maximizeCurrentWindow on session c92b95a2dd478a0090ecfbd288cb1b72 to remote] DEBUG org.asynchttpclient.netty.request.NettyRequestSender -- Using open Channel [id: 0x6569de87, L:/127.0.0.1:49585 - R:localhost/127.0.0.1:4444] for POST '/wd/hub/session/c92b95a2dd478a0090ecfbd288cb1b72/window/maximize'
11:48:34.665 [AsyncHttpClient-1-2] DEBUG org.asynchttpclient.netty.handler.HttpHandler -- 

Request DefaultHttpRequest(decodeResult: success, version: HTTP/1.1)
POST /wd/hub/session/b62650e45bf5abe071c881e21c1318bb/timeouts HTTP/1.1
User-Agent: selenium/4.1.3 (java windows)
traceparent: 00-026f4e931dfd00d5186457a8987f021f-fc61d3c12c128ae6-01
Content-Length: 22
Content-Type: application/json; charset=utf-8
host: localhost:4444
accept: */*

Response DefaultHttpResponse(decodeResult: success, version: HTTP/1.1)
HTTP/1.1 200 OK
content-type: application/json; charset=utf-8
cache-control: no-cache
content-length: 14

11:48:34.666 [AsyncHttpClient-1-2] DEBUG org.asynchttpclient.netty.channel.ChannelManager -- Adding key: http://localhost:4444 for channel [id: 0x96cd561f, L:/127.0.0.1:49586 - R:localhost/127.0.0.1:4444]
11:48:34.671 [Forwarding maximizeCurrentWindow on session b62650e45bf5abe071c881e21c1318bb to remote] DEBUG org.asynchttpclient.netty.request.NettyRequestSender -- Using pooled Channel '[id: 0x96cd561f, L:/127.0.0.1:49586 - R:localhost/127.0.0.1:4444]' for 'POST' to 'http://localhost:4444/wd/hub/session/b62650e45bf5abe071c881e21c1318bb/window/maximize'
11:48:34.671 [Forwarding maximizeCurrentWindow on session b62650e45bf5abe071c881e21c1318bb to remote] DEBUG org.asynchttpclient.netty.request.NettyRequestSender -- Using open Channel [id: 0x96cd561f, L:/127.0.0.1:49586 - R:localhost/127.0.0.1:4444] for POST '/wd/hub/session/b62650e45bf5abe071c881e21c1318bb/window/maximize'
11:48:34.740 [AsyncHttpClient-1-3] DEBUG org.asynchttpclient.netty.handler.HttpHandler -- 

Request DefaultHttpRequest(decodeResult: success, version: HTTP/1.1)
POST /wd/hub/session/f029d7028ed5684762df860f040bd6cc/window/maximize HTTP/1.1
User-Agent: selenium/4.1.3 (java windows)
traceparent: 00-8bb9f1dc26e14b64944178c45072de13-3206d0660e661af1-01
Content-Length: 3
Content-Type: application/json; charset=utf-8
host: localhost:4444
accept: */*

Response DefaultHttpResponse(decodeResult: success, version: HTTP/1.1)
HTTP/1.1 200 OK
content-type: application/json; charset=utf-8
cache-control: no-cache
content-length: 50

11:48:34.740 [AsyncHttpClient-1-3] DEBUG org.asynchttpclient.netty.channel.ChannelManager -- Adding key: http://localhost:4444 for channel [id: 0x18146819, L:/127.0.0.1:49584 - R:localhost/127.0.0.1:4444]
11:48:34.745 [AsyncHttpClient-1-2] DEBUG org.asynchttpclient.netty.handler.HttpHandler -- 

Request DefaultHttpRequest(decodeResult: success, version: HTTP/1.1)
POST /wd/hub/session/b62650e45bf5abe071c881e21c1318bb/window/maximize HTTP/1.1
User-Agent: selenium/4.1.3 (java windows)
traceparent: 00-821e46ab68ce92dcb0efc81cb52c98ad-a4889ec89271f67c-01
Content-Length: 3
Content-Type: application/json; charset=utf-8
host: localhost:4444
accept: */*

Response DefaultHttpResponse(decodeResult: success, version: HTTP/1.1)
HTTP/1.1 200 OK
content-type: application/json; charset=utf-8
cache-control: no-cache
content-length: 50

11:48:34.747 [AsyncHttpClient-1-2] DEBUG org.asynchttpclient.netty.channel.ChannelManager -- Adding key: http://localhost:4444 for channel [id: 0x96cd561f, L:/127.0.0.1:49586 - R:localhost/127.0.0.1:4444]
11:48:34.747 [Forwarding get on session f029d7028ed5684762df860f040bd6cc to remote] DEBUG org.asynchttpclient.netty.request.NettyRequestSender -- Using pooled Channel '[id: 0x18146819, L:/127.0.0.1:49584 - R:localhost/127.0.0.1:4444]' for 'POST' to 'http://localhost:4444/wd/hub/session/f029d7028ed5684762df860f040bd6cc/url'
11:48:34.749 [Forwarding get on session f029d7028ed5684762df860f040bd6cc to remote] DEBUG org.asynchttpclient.netty.request.NettyRequestSender -- Using open Channel [id: 0x18146819, L:/127.0.0.1:49584 - R:localhost/127.0.0.1:4444] for POST '/wd/hub/session/f029d7028ed5684762df860f040bd6cc/url'
11:48:34.752 [AsyncHttpClient-1-4] DEBUG org.asynchttpclient.netty.handler.HttpHandler -- 

Request DefaultHttpRequest(decodeResult: success, version: HTTP/1.1)
POST /wd/hub/session/c92b95a2dd478a0090ecfbd288cb1b72/window/maximize HTTP/1.1
User-Agent: selenium/4.1.3 (java windows)
traceparent: 00-64fc17ca7d5b11b86ec1122fdbaed5ff-095d31e85864ffb2-01
Content-Length: 3
Content-Type: application/json; charset=utf-8
host: localhost:4444
accept: */*

Response DefaultHttpResponse(decodeResult: success, version: HTTP/1.1)
HTTP/1.1 200 OK
content-type: application/json; charset=utf-8
cache-control: no-cache
content-length: 50

11:48:34.754 [AsyncHttpClient-1-4] DEBUG org.asynchttpclient.netty.channel.ChannelManager -- Adding key: http://localhost:4444 for channel [id: 0x6569de87, L:/127.0.0.1:49585 - R:localhost/127.0.0.1:4444]
11:48:34.762 [Forwarding get on session b62650e45bf5abe071c881e21c1318bb to remote] DEBUG org.asynchttpclient.netty.request.NettyRequestSender -- Using pooled Channel '[id: 0x6569de87, L:/127.0.0.1:49585 - R:localhost/127.0.0.1:4444]' for 'POST' to 'http://localhost:4444/wd/hub/session/b62650e45bf5abe071c881e21c1318bb/url'
11:48:34.763 [Forwarding get on session b62650e45bf5abe071c881e21c1318bb to remote] DEBUG org.asynchttpclient.netty.request.NettyRequestSender -- Using open Channel [id: 0x6569de87, L:/127.0.0.1:49585 - R:localhost/127.0.0.1:4444] for POST '/wd/hub/session/b62650e45bf5abe071c881e21c1318bb/url'
11:48:34.770 [Forwarding get on session c92b95a2dd478a0090ecfbd288cb1b72 to remote] DEBUG org.asynchttpclient.netty.request.NettyRequestSender -- Using pooled Channel '[id: 0x96cd561f, L:/127.0.0.1:49586 - R:localhost/127.0.0.1:4444]' for 'POST' to 'http://localhost:4444/wd/hub/session/c92b95a2dd478a0090ecfbd288cb1b72/url'
11:48:34.770 [Forwarding get on session c92b95a2dd478a0090ecfbd288cb1b72 to remote] DEBUG org.asynchttpclient.netty.request.NettyRequestSender -- Using open Channel [id: 0x96cd561f, L:/127.0.0.1:49586 - R:localhost/127.0.0.1:4444] for POST '/wd/hub/session/c92b95a2dd478a0090ecfbd288cb1b72/url'
11:48:42.025 [AsyncHttpClient-1-4] DEBUG org.asynchttpclient.netty.handler.HttpHandler -- 

Request DefaultHttpRequest(decodeResult: success, version: HTTP/1.1)
POST /wd/hub/session/b62650e45bf5abe071c881e21c1318bb/url HTTP/1.1
User-Agent: selenium/4.1.3 (java windows)
traceparent: 00-039b475cfc60b1263a2204412231b8ca-fa7d1d1e31f9aed0-01
Content-Length: 57
Content-Type: application/json; charset=utf-8
host: localhost:4444
accept: */*

Response DefaultHttpResponse(decodeResult: success, version: HTTP/1.1)
HTTP/1.1 200 OK
content-type: application/json; charset=utf-8
cache-control: no-cache
content-length: 14

11:48:42.026 [AsyncHttpClient-1-4] DEBUG org.asynchttpclient.netty.channel.ChannelManager -- Adding key: http://localhost:4444 for channel [id: 0x6569de87, L:/127.0.0.1:49585 - R:localhost/127.0.0.1:4444]
11:48:42.043 [Forwarding getCurrentUrl on session b62650e45bf5abe071c881e21c1318bb to remote] DEBUG org.asynchttpclient.netty.request.NettyRequestSender -- Using pooled Channel '[id: 0x6569de87, L:/127.0.0.1:49585 - R:localhost/127.0.0.1:4444]' for 'GET' to 'http://localhost:4444/wd/hub/session/b62650e45bf5abe071c881e21c1318bb/url'
11:48:42.044 [Forwarding getCurrentUrl on session b62650e45bf5abe071c881e21c1318bb to remote] DEBUG org.asynchttpclient.netty.request.NettyRequestSender -- Using open Channel [id: 0x6569de87, L:/127.0.0.1:49585 - R:localhost/127.0.0.1:4444] for GET '/wd/hub/session/b62650e45bf5abe071c881e21c1318bb/url'
11:48:42.055 [AsyncHttpClient-1-2] DEBUG org.asynchttpclient.netty.handler.HttpHandler -- 

Request DefaultHttpRequest(decodeResult: success, version: HTTP/1.1)
POST /wd/hub/session/c92b95a2dd478a0090ecfbd288cb1b72/url HTTP/1.1
User-Agent: selenium/4.1.3 (java windows)
traceparent: 00-7b45a9e5a0d0e9a8a365fd6ee757bb56-15fa221ccf2f8764-01
Content-Length: 57
Content-Type: application/json; charset=utf-8
host: localhost:4444
accept: */*

Response DefaultHttpResponse(decodeResult: success, version: HTTP/1.1)
HTTP/1.1 200 OK
content-type: application/json; charset=utf-8
cache-control: no-cache
content-length: 14

11:48:42.056 [AsyncHttpClient-1-2] DEBUG org.asynchttpclient.netty.channel.ChannelManager -- Adding key: http://localhost:4444 for channel [id: 0x96cd561f, L:/127.0.0.1:49586 - R:localhost/127.0.0.1:4444]
11:48:42.059 [Forwarding getCurrentUrl on session c92b95a2dd478a0090ecfbd288cb1b72 to remote] DEBUG org.asynchttpclient.netty.request.NettyRequestSender -- Using pooled Channel '[id: 0x96cd561f, L:/127.0.0.1:49586 - R:localhost/127.0.0.1:4444]' for 'GET' to 'http://localhost:4444/wd/hub/session/c92b95a2dd478a0090ecfbd288cb1b72/url'
11:48:42.060 [Forwarding getCurrentUrl on session c92b95a2dd478a0090ecfbd288cb1b72 to remote] DEBUG org.asynchttpclient.netty.request.NettyRequestSender -- Using open Channel [id: 0x96cd561f, L:/127.0.0.1:49586 - R:localhost/127.0.0.1:4444] for GET '/wd/hub/session/c92b95a2dd478a0090ecfbd288cb1b72/url'
11:48:42.074 [AsyncHttpClient-1-4] DEBUG org.asynchttpclient.netty.handler.HttpHandler -- 

Request DefaultFullHttpRequest(decodeResult: success, version: HTTP/1.1, content: EmptyByteBufBE)
GET /wd/hub/session/b62650e45bf5abe071c881e21c1318bb/url HTTP/1.1
User-Agent: selenium/4.1.3 (java windows)
Cache-Control: no-cache
traceparent: 00-e8bcc822d293a7a8c9fee07bbb339301-690863aebbe5a4fb-01
Content-Type: application/json; charset=utf-8
host: localhost:4444
accept: */*

Response DefaultHttpResponse(decodeResult: success, version: HTTP/1.1)
HTTP/1.1 200 OK
content-type: application/json; charset=utf-8
cache-control: no-cache
content-length: 34

11:48:42.075 [AsyncHttpClient-1-4] DEBUG org.asynchttpclient.netty.channel.ChannelManager -- Adding key: http://localhost:4444 for channel [id: 0x6569de87, L:/127.0.0.1:49585 - R:localhost/127.0.0.1:4444]
11:48:42.094 [AsyncHttpClient-1-2] DEBUG org.asynchttpclient.netty.handler.HttpHandler -- 

Request DefaultFullHttpRequest(decodeResult: success, version: HTTP/1.1, content: EmptyByteBufBE)
GET /wd/hub/session/c92b95a2dd478a0090ecfbd288cb1b72/url HTTP/1.1
User-Agent: selenium/4.1.3 (java windows)
Cache-Control: no-cache
traceparent: 00-d7169e5b479e893f8a3a6b40075b8ad9-d8982ab826f9bcf0-01
Content-Type: application/json; charset=utf-8
host: localhost:4444
accept: */*

Response DefaultHttpResponse(decodeResult: success, version: HTTP/1.1)
HTTP/1.1 200 OK
content-type: application/json; charset=utf-8
cache-control: no-cache
content-length: 34

11:48:42.095 [AsyncHttpClient-1-2] DEBUG org.asynchttpclient.netty.channel.ChannelManager -- Adding key: http://localhost:4444 for channel [id: 0x96cd561f, L:/127.0.0.1:49586 - R:localhost/127.0.0.1:4444]
11:48:42.101 [AsyncHttpClient-1-3] DEBUG org.asynchttpclient.netty.handler.HttpHandler -- 

Request DefaultHttpRequest(decodeResult: success, version: HTTP/1.1)
POST /wd/hub/session/f029d7028ed5684762df860f040bd6cc/url HTTP/1.1
User-Agent: selenium/4.1.3 (java windows)
traceparent: 00-b2e558967e940607926193fbf9d03394-28562fbec5a9231f-01
Content-Length: 57
Content-Type: application/json; charset=utf-8
host: localhost:4444
accept: */*

Response DefaultHttpResponse(decodeResult: success, version: HTTP/1.1)
HTTP/1.1 200 OK
content-type: application/json; charset=utf-8
cache-control: no-cache
content-length: 14

11:48:42.102 [AsyncHttpClient-1-3] DEBUG org.asynchttpclient.netty.channel.ChannelManager -- Adding key: http://localhost:4444 for channel [id: 0x18146819, L:/127.0.0.1:49584 - R:localhost/127.0.0.1:4444]
11:48:42.107 [Forwarding getCurrentUrl on session f029d7028ed5684762df860f040bd6cc to remote] DEBUG org.asynchttpclient.netty.request.NettyRequestSender -- Using pooled Channel '[id: 0x18146819, L:/127.0.0.1:49584 - R:localhost/127.0.0.1:4444]' for 'GET' to 'http://localhost:4444/wd/hub/session/f029d7028ed5684762df860f040bd6cc/url'
11:48:42.107 [Forwarding getCurrentUrl on session f029d7028ed5684762df860f040bd6cc to remote] DEBUG org.asynchttpclient.netty.request.NettyRequestSender -- Using open Channel [id: 0x18146819, L:/127.0.0.1:49584 - R:localhost/127.0.0.1:4444] for GET '/wd/hub/session/f029d7028ed5684762df860f040bd6cc/url'
11:48:42.136 [AsyncHttpClient-1-3] DEBUG org.asynchttpclient.netty.handler.HttpHandler -- 

Request DefaultFullHttpRequest(decodeResult: success, version: HTTP/1.1, content: EmptyByteBufBE)
GET /wd/hub/session/f029d7028ed5684762df860f040bd6cc/url HTTP/1.1
User-Agent: selenium/4.1.3 (java windows)
Cache-Control: no-cache
traceparent: 00-5c3e19ba8f94f6dd86b1532de61a4c97-658b97dd5b631ca5-01
Content-Type: application/json; charset=utf-8
host: localhost:4444
accept: */*

Response DefaultHttpResponse(decodeResult: success, version: HTTP/1.1)
HTTP/1.1 200 OK
content-type: application/json; charset=utf-8
cache-control: no-cache
content-length: 34

11:48:42.137 [AsyncHttpClient-1-3] DEBUG org.asynchttpclient.netty.channel.ChannelManager -- Adding key: http://localhost:4444 for channel [id: 0x18146819, L:/127.0.0.1:49584 - R:localhost/127.0.0.1:4444]
11:48:42.855 [AsyncHttpClient-1-1] DEBUG org.asynchttpclient.netty.channel.DefaultChannelPool -- Entry count for : http://localhost:4444 : 3
11:48:43.951 [AsyncHttpClient-1-1] DEBUG org.asynchttpclient.netty.channel.DefaultChannelPool -- Entry count for : http://localhost:4444 : 3
11:48:45.057 [AsyncHttpClient-1-1] DEBUG org.asynchttpclient.netty.channel.DefaultChannelPool -- Entry count for : http://localhost:4444 : 3
11:48:46.158 [AsyncHttpClient-1-1] DEBUG org.asynchttpclient.netty.channel.DefaultChannelPool -- Entry count for : http://localhost:4444 : 3
11:48:47.254 [AsyncHttpClient-1-1] DEBUG org.asynchttpclient.netty.channel.DefaultChannelPool -- Entry count for : http://localhost:4444 : 3
11:48:48.352 [AsyncHttpClient-1-1] DEBUG org.asynchttpclient.netty.channel.DefaultChannelPool -- Entry count for : http://localhost:4444 : 3
11:48:49.453 [AsyncHttpClient-1-1] DEBUG org.asynchttpclient.netty.channel.DefaultChannelPool -- Entry count for : http://localhost:4444 : 3
11:48:50.553 [AsyncHttpClient-1-1] DEBUG org.asynchttpclient.netty.channel.DefaultChannelPool -- Entry count for : http://localhost:4444 : 3
11:48:51.654 [AsyncHttpClient-1-1] DEBUG org.asynchttpclient.netty.channel.DefaultChannelPool -- Entry count for : http://localhost:4444 : 3
11:48:52.088 [Forwarding findElement on session b62650e45bf5abe071c881e21c1318bb to remote] DEBUG org.asynchttpclient.netty.request.NettyRequestSender -- Using pooled Channel '[id: 0x18146819, L:/127.0.0.1:49584 - R:localhost/127.0.0.1:4444]' for 'POST' to 'http://localhost:4444/wd/hub/session/b62650e45bf5abe071c881e21c1318bb/element'
11:48:52.089 [Forwarding findElement on session b62650e45bf5abe071c881e21c1318bb to remote] DEBUG org.asynchttpclient.netty.request.NettyRequestSender -- Using open Channel [id: 0x18146819, L:/127.0.0.1:49584 - R:localhost/127.0.0.1:4444] for POST '/wd/hub/session/b62650e45bf5abe071c881e21c1318bb/element'
11:48:52.104 [Forwarding findElement on session c92b95a2dd478a0090ecfbd288cb1b72 to remote] DEBUG org.asynchttpclient.netty.request.NettyRequestSender -- Using pooled Channel '[id: 0x96cd561f, L:/127.0.0.1:49586 - R:localhost/127.0.0.1:4444]' for 'POST' to 'http://localhost:4444/wd/hub/session/c92b95a2dd478a0090ecfbd288cb1b72/element'
11:48:52.105 [Forwarding findElement on session c92b95a2dd478a0090ecfbd288cb1b72 to remote] DEBUG org.asynchttpclient.netty.request.NettyRequestSender -- Using open Channel [id: 0x96cd561f, L:/127.0.0.1:49586 - R:localhost/127.0.0.1:4444] for POST '/wd/hub/session/c92b95a2dd478a0090ecfbd288cb1b72/element'
11:48:52.129 [AsyncHttpClient-1-2] DEBUG org.asynchttpclient.netty.handler.HttpHandler -- 

Request DefaultHttpRequest(decodeResult: success, version: HTTP/1.1)
POST /wd/hub/session/c92b95a2dd478a0090ecfbd288cb1b72/element HTTP/1.1
User-Agent: selenium/4.1.3 (java windows)
traceparent: 00-320b85d14f6151afb3c9de76f4d19e78-d2d3df2104eeaa16-01
Content-Length: 77
Content-Type: application/json; charset=utf-8
host: localhost:4444
accept: */*

Response DefaultHttpResponse(decodeResult: success, version: HTTP/1.1)
HTTP/1.1 200 OK
content-type: application/json; charset=utf-8
cache-control: no-cache
content-length: 126

11:48:52.129 [AsyncHttpClient-1-2] DEBUG org.asynchttpclient.netty.channel.ChannelManager -- Adding key: http://localhost:4444 for channel [id: 0x96cd561f, L:/127.0.0.1:49586 - R:localhost/127.0.0.1:4444]
11:48:52.144 [Forwarding isElementDisplayed on session c92b95a2dd478a0090ecfbd288cb1b72 to remote] DEBUG org.asynchttpclient.netty.request.NettyRequestSender -- Using pooled Channel '[id: 0x96cd561f, L:/127.0.0.1:49586 - R:localhost/127.0.0.1:4444]' for 'POST' to 'http://localhost:4444/wd/hub/session/c92b95a2dd478a0090ecfbd288cb1b72/execute/sync'
11:48:52.145 [Forwarding isElementDisplayed on session c92b95a2dd478a0090ecfbd288cb1b72 to remote] DEBUG org.asynchttpclient.netty.request.NettyRequestSender -- Using open Channel [id: 0x96cd561f, L:/127.0.0.1:49586 - R:localhost/127.0.0.1:4444] for POST '/wd/hub/session/c92b95a2dd478a0090ecfbd288cb1b72/execute/sync'
11:48:52.150 [Forwarding findElement on session f029d7028ed5684762df860f040bd6cc to remote] DEBUG org.asynchttpclient.netty.request.NettyRequestSender -- Using pooled Channel '[id: 0x6569de87, L:/127.0.0.1:49585 - R:localhost/127.0.0.1:4444]' for 'POST' to 'http://localhost:4444/wd/hub/session/f029d7028ed5684762df860f040bd6cc/element'
11:48:52.151 [Forwarding findElement on session f029d7028ed5684762df860f040bd6cc to remote] DEBUG org.asynchttpclient.netty.request.NettyRequestSender -- Using open Channel [id: 0x6569de87, L:/127.0.0.1:49585 - R:localhost/127.0.0.1:4444] for POST '/wd/hub/session/f029d7028ed5684762df860f040bd6cc/element'
11:48:52.183 [AsyncHttpClient-1-2] DEBUG org.asynchttpclient.netty.handler.HttpHandler -- 

Request DefaultHttpRequest(decodeResult: success, version: HTTP/1.1)
POST /wd/hub/session/c92b95a2dd478a0090ecfbd288cb1b72/execute/sync HTTP/1.1
User-Agent: selenium/4.1.3 (java windows)
traceparent: 00-e9bae56296646797510dbb5487ecc8f5-a89dbf00a6a8bbdd-01
Content-Length: 48818
Content-Type: application/json; charset=utf-8
host: localhost:4444
accept: */*

Response DefaultHttpResponse(decodeResult: success, version: HTTP/1.1)
HTTP/1.1 200 OK
content-type: application/json; charset=utf-8
cache-control: no-cache
content-length: 14

11:48:52.184 [AsyncHttpClient-1-2] DEBUG org.asynchttpclient.netty.channel.ChannelManager -- Adding key: http://localhost:4444 for channel [id: 0x96cd561f, L:/127.0.0.1:49586 - R:localhost/127.0.0.1:4444]
11:48:52.755 [AsyncHttpClient-1-1] DEBUG org.asynchttpclient.netty.channel.DefaultChannelPool -- Entry count for : http://localhost:4444 : 1
11:48:53.852 [AsyncHttpClient-1-1] DEBUG org.asynchttpclient.netty.channel.DefaultChannelPool -- Entry count for : http://localhost:4444 : 1
11:48:54.954 [AsyncHttpClient-1-1] DEBUG org.asynchttpclient.netty.channel.DefaultChannelPool -- Entry count for : http://localhost:4444 : 1
11:48:55.209 [Forwarding findElement on session c92b95a2dd478a0090ecfbd288cb1b72 to remote] DEBUG org.asynchttpclient.netty.request.NettyRequestSender -- Using pooled Channel '[id: 0x96cd561f, L:/127.0.0.1:49586 - R:localhost/127.0.0.1:4444]' for 'POST' to 'http://localhost:4444/wd/hub/session/c92b95a2dd478a0090ecfbd288cb1b72/element'
11:48:55.209 [Forwarding findElement on session c92b95a2dd478a0090ecfbd288cb1b72 to remote] DEBUG org.asynchttpclient.netty.request.NettyRequestSender -- Using open Channel [id: 0x96cd561f, L:/127.0.0.1:49586 - R:localhost/127.0.0.1:4444] for POST '/wd/hub/session/c92b95a2dd478a0090ecfbd288cb1b72/element'
11:48:55.228 [AsyncHttpClient-1-2] DEBUG org.asynchttpclient.netty.handler.HttpHandler -- 

Request DefaultHttpRequest(decodeResult: success, version: HTTP/1.1)
POST /wd/hub/session/c92b95a2dd478a0090ecfbd288cb1b72/element HTTP/1.1
User-Agent: selenium/4.1.3 (java windows)
traceparent: 00-8e4e083f003c09aa4d45a9ab3d13e34e-e0af6ee0841b3e07-01
Content-Length: 77
Content-Type: application/json; charset=utf-8
host: localhost:4444
accept: */*

Response DefaultHttpResponse(decodeResult: success, version: HTTP/1.1)
HTTP/1.1 200 OK
content-type: application/json; charset=utf-8
cache-control: no-cache
content-length: 126

11:48:55.228 [AsyncHttpClient-1-2] DEBUG org.asynchttpclient.netty.channel.ChannelManager -- Adding key: http://localhost:4444 for channel [id: 0x96cd561f, L:/127.0.0.1:49586 - R:localhost/127.0.0.1:4444]
11:48:55.231 [Forwarding clickElement on session c92b95a2dd478a0090ecfbd288cb1b72 to remote] DEBUG org.asynchttpclient.netty.request.NettyRequestSender -- Using pooled Channel '[id: 0x96cd561f, L:/127.0.0.1:49586 - R:localhost/127.0.0.1:4444]' for 'POST' to 'http://localhost:4444/wd/hub/session/c92b95a2dd478a0090ecfbd288cb1b72/element/f.69A90D5ADC71D6CE1B84A9E37FDCAAFF.d.CC47F09C9873BCE95F9CA188C61D52ED.e.85/click'
11:48:55.231 [Forwarding clickElement on session c92b95a2dd478a0090ecfbd288cb1b72 to remote] DEBUG org.asynchttpclient.netty.request.NettyRequestSender -- Using open Channel [id: 0x96cd561f, L:/127.0.0.1:49586 - R:localhost/127.0.0.1:4444] for POST '/wd/hub/session/c92b95a2dd478a0090ecfbd288cb1b72/element/f.69A90D5ADC71D6CE1B84A9E37FDCAAFF.d.CC47F09C9873BCE95F9CA188C61D52ED.e.85/click'
11:48:55.346 [AsyncHttpClient-1-2] DEBUG org.asynchttpclient.netty.handler.HttpHandler -- 

Request DefaultHttpRequest(decodeResult: success, version: HTTP/1.1)
POST /wd/hub/session/c92b95a2dd478a0090ecfbd288cb1b72/element/f.69A90D5ADC71D6CE1B84A9E37FDCAAFF.d.CC47F09C9873BCE95F9CA188C61D52ED.e.85/click HTTP/1.1
User-Agent: selenium/4.1.3 (java windows)
traceparent: 00-2fe6cf28f2e094c251c34000aae6eacb-613d0bfec9c39eaa-01
Content-Length: 88
Content-Type: application/json; charset=utf-8
host: localhost:4444
accept: */*

Response DefaultHttpResponse(decodeResult: success, version: HTTP/1.1)
HTTP/1.1 200 OK
content-type: application/json; charset=utf-8
cache-control: no-cache
content-length: 14

11:48:55.347 [AsyncHttpClient-1-2] DEBUG org.asynchttpclient.netty.channel.ChannelManager -- Adding key: http://localhost:4444 for channel [id: 0x96cd561f, L:/127.0.0.1:49586 - R:localhost/127.0.0.1:4444]
11:48:56.052 [AsyncHttpClient-1-1] DEBUG org.asynchttpclient.netty.channel.DefaultChannelPool -- Entry count for : http://localhost:4444 : 1
11:48:57.130 [AsyncHttpClient-1-3] DEBUG org.asynchttpclient.netty.handler.HttpHandler -- 

Request DefaultHttpRequest(decodeResult: success, version: HTTP/1.1)
POST /wd/hub/session/b62650e45bf5abe071c881e21c1318bb/element HTTP/1.1
User-Agent: selenium/4.1.3 (java windows)
traceparent: 00-15871246152babb4c8766cf659af909f-080c7d48ab50119d-01
Content-Length: 79
Content-Type: application/json; charset=utf-8
host: localhost:4444
accept: */*

Response DefaultHttpResponse(decodeResult: success, version: HTTP/1.1)
HTTP/1.1 404 Not Found
content-type: application/json; charset=utf-8
cache-control: no-cache
content-length: 1065

11:48:57.130 [AsyncHttpClient-1-3] DEBUG org.asynchttpclient.netty.channel.ChannelManager -- Adding key: http://localhost:4444 for channel [id: 0x18146819, L:/127.0.0.1:49584 - R:localhost/127.0.0.1:4444]
11:48:57.153 [AsyncHttpClient-1-1] DEBUG org.asynchttpclient.netty.channel.DefaultChannelPool -- Entry count for : http://localhost:4444 : 2
]]></system-out>
    <system-err><![CDATA[Aug 27, 2024 11:48:31 AM org.openqa.selenium.remote.tracing.opentelemetry.OpenTelemetryTracer createTracer
INFO: Using OpenTelemetry for tracing
Aug 27, 2024 11:48:34 AM org.openqa.selenium.remote.ProtocolHandshake createSession
INFO: Detected dialect: W3C
Aug 27, 2024 11:48:34 AM org.openqa.selenium.remote.ProtocolHandshake createSession
INFO: Detected dialect: W3C
Aug 27, 2024 11:48:34 AM org.openqa.selenium.remote.ProtocolHandshake createSession
INFO: Detected dialect: W3C
]]></system-err>
  </testcase>
  <testcase name="runScenario[&quot;Search field Check&quot;, &quot;Optional[Verify Daraz works properly]&quot;](2)" classname="TestRunner.TestRunner" time="0">
    <failure message="no such element: Unable to locate element: {&quot;method&quot;:&quot;xpath&quot;,&quot;selector&quot;:&quot;//input[@id=&apos;q&apos;]&quot;}&#10;  (Session info: chrome=128.0.6613.85)&#10;For documentation on this error, please visit: https://selenium.dev/exceptions/#no_such_element&#10;Build info: version: &apos;4.1.3&apos;, revision: &apos;7b1ebf28ef&apos;&#10;System info: host: &apos;DESKTOP-BVQA7TS&apos;, ip: &apos;192.168.56.1&apos;, os.name: &apos;Windows 11&apos;, os.arch: &apos;amd64&apos;, os.version: &apos;10.0&apos;, java.version: &apos;17.0.5&apos;&#10;Driver info: org.openqa.selenium.remote.RemoteWebDriver&#10;Command: [f029d7028ed5684762df860f040bd6cc, findElement {using=xpath, value=//input[@id=&apos;q&apos;]}]&#10;Capabilities {acceptInsecureCerts: false, browserName: chrome, browserVersion: 128.0.6613.85, chrome: {chromedriverVersion: 128.0.6613.84 (606aa55c7d68..., userDataDir: C:\Users\RAHULS~1\AppData\L...}, fedcm:accounts: true, goog:chromeOptions: {debuggerAddress: localhost:49603}, javascriptEnabled: true, networkConnectionEnabled: false, pageLoadStrategy: normal, platform: XP, platformName: XP, proxy: Proxy(), se:bidiEnabled: false, se:cdp: ws://localhost:4444/session..., se:cdpVersion: 128.0.6613.85, setWindowRect: true, strictFileInteractability: false, timeouts: {implicit: 0, pageLoad: 300000, script: 30000}, unhandledPromptBehavior: dismiss and notify, webauthn:extension:credBlob: true, webauthn:extension:largeBlob: true, webauthn:extension:minPinLength: true, webauthn:extension:prf: true, webauthn:virtualAuthenticators: true}&#10;Session ID: f029d7028ed5684762df860f040bd6cc" type="org.openqa.selenium.NoSuchElementException"><![CDATA[org.openqa.selenium.NoSuchElementException: 
no such element: Unable to locate element: {"method":"xpath","selector":"//input[@id='q']"}
  (Session info: chrome=128.0.6613.85)
For documentation on this error, please visit: https://selenium.dev/exceptions/#no_such_element
Build info: version: '4.1.3', revision: '7b1ebf28ef'
System info: host: 'DESKTOP-BVQA7TS', ip: '192.168.56.1', os.name: 'Windows 11', os.arch: 'amd64', os.version: '10.0', java.version: '17.0.5'
Driver info: org.openqa.selenium.remote.RemoteWebDriver
Command: [f029d7028ed5684762df860f040bd6cc, findElement {using=xpath, value=//input[@id='q']}]
Capabilities {acceptInsecureCerts: false, browserName: chrome, browserVersion: 128.0.6613.85, chrome: {chromedriverVersion: 128.0.6613.84 (606aa55c7d68..., userDataDir: C:\Users\RAHULS~1\AppData\L...}, fedcm:accounts: true, goog:chromeOptions: {debuggerAddress: localhost:49603}, javascriptEnabled: true, networkConnectionEnabled: false, pageLoadStrategy: normal, platform: XP, platformName: XP, proxy: Proxy(), se:bidiEnabled: false, se:cdp: ws://localhost:4444/session..., se:cdpVersion: 128.0.6613.85, setWindowRect: true, strictFileInteractability: false, timeouts: {implicit: 0, pageLoad: 300000, script: 30000}, unhandledPromptBehavior: dismiss and notify, webauthn:extension:credBlob: true, webauthn:extension:largeBlob: true, webauthn:extension:minPinLength: true, webauthn:extension:prf: true, webauthn:virtualAuthenticators: true}
Session ID: f029d7028ed5684762df860f040bd6cc
]]></failure>
    <system-out><![CDATA[11:48:57.227 [AsyncHttpClient-1-4] DEBUG org.asynchttpclient.netty.handler.HttpHandler -- 

Request DefaultHttpRequest(decodeResult: success, version: HTTP/1.1)
POST /wd/hub/session/f029d7028ed5684762df860f040bd6cc/element HTTP/1.1
User-Agent: selenium/4.1.3 (java windows)
traceparent: 00-cfca0116a25a904c5e2ebd81bb801003-6fa073e03a308fe8-01
Content-Length: 63
Content-Type: application/json; charset=utf-8
host: localhost:4444
accept: */*

Response DefaultHttpResponse(decodeResult: success, version: HTTP/1.1)
HTTP/1.1 404 Not Found
content-type: application/json; charset=utf-8
cache-control: no-cache
content-length: 1049

11:48:57.228 [AsyncHttpClient-1-4] DEBUG org.asynchttpclient.netty.channel.ChannelManager -- Adding key: http://localhost:4444 for channel [id: 0x6569de87, L:/127.0.0.1:49585 - R:localhost/127.0.0.1:4444]
]]></system-out>
  </testcase>
  <testcase name="runScenario[&quot;Verify User and Can login&quot;, &quot;Optional[Verify Daraz works properly]&quot;](3)" classname="TestRunner.TestRunner" time="15.85">
    <failure message="no such element: Unable to locate element: {&quot;method&quot;:&quot;xpath&quot;,&quot;selector&quot;:&quot;//input[@placeholder=&apos;Please enter your Phone Number or Email&apos;]&quot;}&#10;  (Session info: chrome=128.0.6613.85)&#10;For documentation on this error, please visit: https://selenium.dev/exceptions/#no_such_element&#10;Build info: version: &apos;4.1.3&apos;, revision: &apos;7b1ebf28ef&apos;&#10;System info: host: &apos;DESKTOP-BVQA7TS&apos;, ip: &apos;192.168.56.1&apos;, os.name: &apos;Windows 11&apos;, os.arch: &apos;amd64&apos;, os.version: &apos;10.0&apos;, java.version: &apos;17.0.5&apos;&#10;Driver info: org.openqa.selenium.remote.RemoteWebDriver&#10;Command: [c92b95a2dd478a0090ecfbd288cb1b72, findElement {using=xpath, value=//input[@placeholder=&apos;Please enter your Phone Number or Email&apos;]}]&#10;Capabilities {acceptInsecureCerts: false, browserName: chrome, browserVersion: 128.0.6613.85, chrome: {chromedriverVersion: 128.0.6613.84 (606aa55c7d68..., userDataDir: C:\Users\RAHULS~1\AppData\L...}, fedcm:accounts: true, goog:chromeOptions: {debuggerAddress: localhost:49604}, javascriptEnabled: true, networkConnectionEnabled: false, pageLoadStrategy: normal, platform: XP, platformName: XP, proxy: Proxy(), se:bidiEnabled: false, se:cdp: ws://localhost:4444/session..., se:cdpVersion: 128.0.6613.85, setWindowRect: true, strictFileInteractability: false, timeouts: {implicit: 0, pageLoad: 300000, script: 30000}, unhandledPromptBehavior: dismiss and notify, webauthn:extension:credBlob: true, webauthn:extension:largeBlob: true, webauthn:extension:minPinLength: true, webauthn:extension:prf: true, webauthn:virtualAuthenticators: true}&#10;Session ID: c92b95a2dd478a0090ecfbd288cb1b72" type="org.openqa.selenium.NoSuchElementException"><![CDATA[org.openqa.selenium.NoSuchElementException: 
no such element: Unable to locate element: {"method":"xpath","selector":"//input[@placeholder='Please enter your Phone Number or Email']"}
  (Session info: chrome=128.0.6613.85)
For documentation on this error, please visit: https://selenium.dev/exceptions/#no_such_element
Build info: version: '4.1.3', revision: '7b1ebf28ef'
System info: host: 'DESKTOP-BVQA7TS', ip: '192.168.56.1', os.name: 'Windows 11', os.arch: 'amd64', os.version: '10.0', java.version: '17.0.5'
Driver info: org.openqa.selenium.remote.RemoteWebDriver
Command: [c92b95a2dd478a0090ecfbd288cb1b72, findElement {using=xpath, value=//input[@placeholder='Please enter your Phone Number or Email']}]
Capabilities {acceptInsecureCerts: false, browserName: chrome, browserVersion: 128.0.6613.85, chrome: {chromedriverVersion: 128.0.6613.84 (606aa55c7d68..., userDataDir: C:\Users\RAHULS~1\AppData\L...}, fedcm:accounts: true, goog:chromeOptions: {debuggerAddress: localhost:49604}, javascriptEnabled: true, networkConnectionEnabled: false, pageLoadStrategy: normal, platform: XP, platformName: XP, proxy: Proxy(), se:bidiEnabled: false, se:cdp: ws://localhost:4444/session..., se:cdpVersion: 128.0.6613.85, setWindowRect: true, strictFileInteractability: false, timeouts: {implicit: 0, pageLoad: 300000, script: 30000}, unhandledPromptBehavior: dismiss and notify, webauthn:extension:credBlob: true, webauthn:extension:largeBlob: true, webauthn:extension:minPinLength: true, webauthn:extension:prf: true, webauthn:virtualAuthenticators: true}
Session ID: c92b95a2dd478a0090ecfbd288cb1b72
]]></failure>
    <system-out><![CDATA[11:48:57.292 [Forwarding newSession on session null to remote] DEBUG org.asynchttpclient.netty.request.NettyRequestSender -- Using pooled Channel '[id: 0x18146819, L:/127.0.0.1:49584 - R:localhost/127.0.0.1:4444]' for 'POST' to 'http://localhost:4444/wd/hub/session'
11:48:57.292 [Forwarding newSession on session null to remote] DEBUG org.asynchttpclient.netty.request.NettyRequestSender -- Using pooled Channel '[id: 0x6569de87, L:/127.0.0.1:49585 - R:localhost/127.0.0.1:4444]' for 'POST' to 'http://localhost:4444/wd/hub/session'
11:48:57.292 [Forwarding newSession on session null to remote] DEBUG org.asynchttpclient.netty.request.NettyRequestSender -- Using open Channel [id: 0x18146819, L:/127.0.0.1:49584 - R:localhost/127.0.0.1:4444] for POST '/wd/hub/session'
11:48:57.292 [Forwarding newSession on session null to remote] DEBUG org.asynchttpclient.netty.request.NettyRequestSender -- Using open Channel [id: 0x6569de87, L:/127.0.0.1:49585 - R:localhost/127.0.0.1:4444] for POST '/wd/hub/session'
11:48:58.294 [AsyncHttpClient-1-1] DEBUG org.asynchttpclient.netty.channel.DefaultChannelPool -- Entry count for : http://localhost:4444 : 1
11:48:58.838 [AsyncHttpClient-1-3] DEBUG org.asynchttpclient.netty.handler.HttpHandler -- 

Request DefaultHttpRequest(decodeResult: success, version: HTTP/1.1)
POST /wd/hub/session HTTP/1.1
User-Agent: selenium/4.1.3 (java windows)
traceparent: 00-84e62fbbf4031abdd63ff5fedb96c6b8-3f3b665cddaa2d58-01
Content-Length: 341
Content-Type: application/json; charset=utf-8
host: localhost:4444
accept: */*

Response DefaultHttpResponse(decodeResult: success, version: HTTP/1.1)
HTTP/1.1 200 OK
Cache-Control: no-cache
Content-Type: application/json; charset=utf-8
content-length: 1351

11:48:58.839 [AsyncHttpClient-1-3] DEBUG org.asynchttpclient.netty.channel.ChannelManager -- Adding key: http://localhost:4444 for channel [id: 0x18146819, L:/127.0.0.1:49584 - R:localhost/127.0.0.1:4444]
11:48:58.869 [AsyncHttpClient-1-4] DEBUG org.asynchttpclient.netty.handler.HttpHandler -- 

Request DefaultHttpRequest(decodeResult: success, version: HTTP/1.1)
POST /wd/hub/session HTTP/1.1
User-Agent: selenium/4.1.3 (java windows)
traceparent: 00-85322d0f274a0be47eaafb3c77a44431-325fda8cc3039d3e-01
Content-Length: 341
Content-Type: application/json; charset=utf-8
host: localhost:4444
accept: */*

Response DefaultHttpResponse(decodeResult: success, version: HTTP/1.1)
HTTP/1.1 200 OK
Cache-Control: no-cache
Content-Type: application/json; charset=utf-8
content-length: 1350

11:48:58.871 [AsyncHttpClient-1-4] DEBUG org.asynchttpclient.netty.channel.ChannelManager -- Adding key: http://localhost:4444 for channel [id: 0x6569de87, L:/127.0.0.1:49585 - R:localhost/127.0.0.1:4444]
11:48:58.875 [Forwarding setTimeout on session 1a8601ad9d52522a3c3106b75b3090a3 to remote] DEBUG org.asynchttpclient.netty.request.NettyRequestSender -- Using pooled Channel '[id: 0x6569de87, L:/127.0.0.1:49585 - R:localhost/127.0.0.1:4444]' for 'POST' to 'http://localhost:4444/wd/hub/session/1a8601ad9d52522a3c3106b75b3090a3/timeouts'
11:48:58.875 [Forwarding setTimeout on session 1a8601ad9d52522a3c3106b75b3090a3 to remote] DEBUG org.asynchttpclient.netty.request.NettyRequestSender -- Using open Channel [id: 0x6569de87, L:/127.0.0.1:49585 - R:localhost/127.0.0.1:4444] for POST '/wd/hub/session/1a8601ad9d52522a3c3106b75b3090a3/timeouts'
11:48:58.888 [Forwarding setTimeout on session 3f9211adeeaed6232948cfafeff6cbb4 to remote] DEBUG org.asynchttpclient.netty.request.NettyRequestSender -- Using pooled Channel '[id: 0x18146819, L:/127.0.0.1:49584 - R:localhost/127.0.0.1:4444]' for 'POST' to 'http://localhost:4444/wd/hub/session/3f9211adeeaed6232948cfafeff6cbb4/timeouts'
11:48:58.888 [Forwarding setTimeout on session 3f9211adeeaed6232948cfafeff6cbb4 to remote] DEBUG org.asynchttpclient.netty.request.NettyRequestSender -- Using open Channel [id: 0x18146819, L:/127.0.0.1:49584 - R:localhost/127.0.0.1:4444] for POST '/wd/hub/session/3f9211adeeaed6232948cfafeff6cbb4/timeouts'
11:48:58.904 [AsyncHttpClient-1-4] DEBUG org.asynchttpclient.netty.handler.HttpHandler -- 

Request DefaultHttpRequest(decodeResult: success, version: HTTP/1.1)
POST /wd/hub/session/1a8601ad9d52522a3c3106b75b3090a3/timeouts HTTP/1.1
User-Agent: selenium/4.1.3 (java windows)
traceparent: 00-e64039bc2d4c32ff1a3c0a05dcd30940-7531c1ee64983a5b-01
Content-Length: 22
Content-Type: application/json; charset=utf-8
host: localhost:4444
accept: */*

Response DefaultHttpResponse(decodeResult: success, version: HTTP/1.1)
HTTP/1.1 200 OK
content-type: application/json; charset=utf-8
cache-control: no-cache
content-length: 14

11:48:58.904 [AsyncHttpClient-1-3] DEBUG org.asynchttpclient.netty.handler.HttpHandler -- 

Request DefaultHttpRequest(decodeResult: success, version: HTTP/1.1)
POST /wd/hub/session/3f9211adeeaed6232948cfafeff6cbb4/timeouts HTTP/1.1
User-Agent: selenium/4.1.3 (java windows)
traceparent: 00-9a17da38b3fa24a528c0d696481e1fcc-ca306439069d841e-01
Content-Length: 22
Content-Type: application/json; charset=utf-8
host: localhost:4444
accept: */*

Response DefaultHttpResponse(decodeResult: success, version: HTTP/1.1)
HTTP/1.1 200 OK
content-type: application/json; charset=utf-8
cache-control: no-cache
content-length: 14

11:48:58.905 [AsyncHttpClient-1-4] DEBUG org.asynchttpclient.netty.channel.ChannelManager -- Adding key: http://localhost:4444 for channel [id: 0x6569de87, L:/127.0.0.1:49585 - R:localhost/127.0.0.1:4444]
11:48:58.905 [AsyncHttpClient-1-3] DEBUG org.asynchttpclient.netty.channel.ChannelManager -- Adding key: http://localhost:4444 for channel [id: 0x18146819, L:/127.0.0.1:49584 - R:localhost/127.0.0.1:4444]
11:48:58.908 [Forwarding maximizeCurrentWindow on session 3f9211adeeaed6232948cfafeff6cbb4 to remote] DEBUG org.asynchttpclient.netty.request.NettyRequestSender -- Using pooled Channel '[id: 0x18146819, L:/127.0.0.1:49584 - R:localhost/127.0.0.1:4444]' for 'POST' to 'http://localhost:4444/wd/hub/session/3f9211adeeaed6232948cfafeff6cbb4/window/maximize'
11:48:58.908 [Forwarding maximizeCurrentWindow on session 1a8601ad9d52522a3c3106b75b3090a3 to remote] DEBUG org.asynchttpclient.netty.request.NettyRequestSender -- Using pooled Channel '[id: 0x6569de87, L:/127.0.0.1:49585 - R:localhost/127.0.0.1:4444]' for 'POST' to 'http://localhost:4444/wd/hub/session/1a8601ad9d52522a3c3106b75b3090a3/window/maximize'
11:48:58.908 [Forwarding maximizeCurrentWindow on session 3f9211adeeaed6232948cfafeff6cbb4 to remote] DEBUG org.asynchttpclient.netty.request.NettyRequestSender -- Using open Channel [id: 0x18146819, L:/127.0.0.1:49584 - R:localhost/127.0.0.1:4444] for POST '/wd/hub/session/3f9211adeeaed6232948cfafeff6cbb4/window/maximize'
11:48:58.909 [Forwarding maximizeCurrentWindow on session 1a8601ad9d52522a3c3106b75b3090a3 to remote] DEBUG org.asynchttpclient.netty.request.NettyRequestSender -- Using open Channel [id: 0x6569de87, L:/127.0.0.1:49585 - R:localhost/127.0.0.1:4444] for POST '/wd/hub/session/1a8601ad9d52522a3c3106b75b3090a3/window/maximize'
11:48:58.981 [AsyncHttpClient-1-3] DEBUG org.asynchttpclient.netty.handler.HttpHandler -- 

Request DefaultHttpRequest(decodeResult: success, version: HTTP/1.1)
POST /wd/hub/session/3f9211adeeaed6232948cfafeff6cbb4/window/maximize HTTP/1.1
User-Agent: selenium/4.1.3 (java windows)
traceparent: 00-f6ceb8d1eb986bc2c1c0252bca19f949-7056836b0ace2d06-01
Content-Length: 3
Content-Type: application/json; charset=utf-8
host: localhost:4444
accept: */*

Response DefaultHttpResponse(decodeResult: success, version: HTTP/1.1)
HTTP/1.1 200 OK
content-type: application/json; charset=utf-8
cache-control: no-cache
content-length: 50

11:48:58.981 [AsyncHttpClient-1-4] DEBUG org.asynchttpclient.netty.handler.HttpHandler -- 

Request DefaultHttpRequest(decodeResult: success, version: HTTP/1.1)
POST /wd/hub/session/1a8601ad9d52522a3c3106b75b3090a3/window/maximize HTTP/1.1
User-Agent: selenium/4.1.3 (java windows)
traceparent: 00-66c864661e20eeacbc1115ad1729f287-0b84594e0d311524-01
Content-Length: 3
Content-Type: application/json; charset=utf-8
host: localhost:4444
accept: */*

Response DefaultHttpResponse(decodeResult: success, version: HTTP/1.1)
HTTP/1.1 200 OK
content-type: application/json; charset=utf-8
cache-control: no-cache
content-length: 50

11:48:58.981 [AsyncHttpClient-1-3] DEBUG org.asynchttpclient.netty.channel.ChannelManager -- Adding key: http://localhost:4444 for channel [id: 0x18146819, L:/127.0.0.1:49584 - R:localhost/127.0.0.1:4444]
11:48:58.981 [AsyncHttpClient-1-4] DEBUG org.asynchttpclient.netty.channel.ChannelManager -- Adding key: http://localhost:4444 for channel [id: 0x6569de87, L:/127.0.0.1:49585 - R:localhost/127.0.0.1:4444]
11:48:58.991 [Forwarding get on session 1a8601ad9d52522a3c3106b75b3090a3 to remote] DEBUG org.asynchttpclient.netty.request.NettyRequestSender -- Using pooled Channel '[id: 0x6569de87, L:/127.0.0.1:49585 - R:localhost/127.0.0.1:4444]' for 'POST' to 'http://localhost:4444/wd/hub/session/1a8601ad9d52522a3c3106b75b3090a3/url'
11:48:58.992 [Forwarding get on session 1a8601ad9d52522a3c3106b75b3090a3 to remote] DEBUG org.asynchttpclient.netty.request.NettyRequestSender -- Using open Channel [id: 0x6569de87, L:/127.0.0.1:49585 - R:localhost/127.0.0.1:4444] for POST '/wd/hub/session/1a8601ad9d52522a3c3106b75b3090a3/url'
11:48:59.001 [Forwarding get on session 3f9211adeeaed6232948cfafeff6cbb4 to remote] DEBUG org.asynchttpclient.netty.request.NettyRequestSender -- Using pooled Channel '[id: 0x18146819, L:/127.0.0.1:49584 - R:localhost/127.0.0.1:4444]' for 'POST' to 'http://localhost:4444/wd/hub/session/3f9211adeeaed6232948cfafeff6cbb4/url'
11:48:59.001 [Forwarding get on session 3f9211adeeaed6232948cfafeff6cbb4 to remote] DEBUG org.asynchttpclient.netty.request.NettyRequestSender -- Using open Channel [id: 0x18146819, L:/127.0.0.1:49584 - R:localhost/127.0.0.1:4444] for POST '/wd/hub/session/3f9211adeeaed6232948cfafeff6cbb4/url'
11:48:59.352 [AsyncHttpClient-1-1] DEBUG org.asynchttpclient.netty.channel.DefaultChannelPool -- Entry count for : http://localhost:4444 : 1
11:49:00.458 [AsyncHttpClient-1-1] DEBUG org.asynchttpclient.netty.channel.DefaultChannelPool -- Entry count for : http://localhost:4444 : 1
11:49:01.559 [AsyncHttpClient-1-1] DEBUG org.asynchttpclient.netty.channel.DefaultChannelPool -- Entry count for : http://localhost:4444 : 1
11:49:02.459 [AsyncHttpClient-1-3] DEBUG org.asynchttpclient.netty.handler.HttpHandler -- 

Request DefaultHttpRequest(decodeResult: success, version: HTTP/1.1)
POST /wd/hub/session/3f9211adeeaed6232948cfafeff6cbb4/url HTTP/1.1
User-Agent: selenium/4.1.3 (java windows)
traceparent: 00-b1997ddd20f86d2c832232f75ee236ee-d605fa285e590bee-01
Content-Length: 57
Content-Type: application/json; charset=utf-8
host: localhost:4444
accept: */*

Response DefaultHttpResponse(decodeResult: success, version: HTTP/1.1)
HTTP/1.1 200 OK
content-type: application/json; charset=utf-8
cache-control: no-cache
content-length: 14

11:49:02.460 [AsyncHttpClient-1-3] DEBUG org.asynchttpclient.netty.channel.ChannelManager -- Adding key: http://localhost:4444 for channel [id: 0x18146819, L:/127.0.0.1:49584 - R:localhost/127.0.0.1:4444]
11:49:02.462 [Forwarding getCurrentUrl on session 3f9211adeeaed6232948cfafeff6cbb4 to remote] DEBUG org.asynchttpclient.netty.request.NettyRequestSender -- Using pooled Channel '[id: 0x18146819, L:/127.0.0.1:49584 - R:localhost/127.0.0.1:4444]' for 'GET' to 'http://localhost:4444/wd/hub/session/3f9211adeeaed6232948cfafeff6cbb4/url'
11:49:02.462 [Forwarding getCurrentUrl on session 3f9211adeeaed6232948cfafeff6cbb4 to remote] DEBUG org.asynchttpclient.netty.request.NettyRequestSender -- Using open Channel [id: 0x18146819, L:/127.0.0.1:49584 - R:localhost/127.0.0.1:4444] for GET '/wd/hub/session/3f9211adeeaed6232948cfafeff6cbb4/url'
11:49:02.653 [AsyncHttpClient-1-1] DEBUG org.asynchttpclient.netty.channel.DefaultChannelPool -- Entry count for : http://localhost:4444 : 1
11:49:03.752 [AsyncHttpClient-1-1] DEBUG org.asynchttpclient.netty.channel.DefaultChannelPool -- Entry count for : http://localhost:4444 : 1
11:49:04.866 [AsyncHttpClient-1-1] DEBUG org.asynchttpclient.netty.channel.DefaultChannelPool -- Entry count for : http://localhost:4444 : 1
11:49:05.951 [AsyncHttpClient-1-1] DEBUG org.asynchttpclient.netty.channel.DefaultChannelPool -- Entry count for : http://localhost:4444 : 1
11:49:07.055 [AsyncHttpClient-1-1] DEBUG org.asynchttpclient.netty.channel.DefaultChannelPool -- Entry count for : http://localhost:4444 : 1
11:49:08.153 [AsyncHttpClient-1-1] DEBUG org.asynchttpclient.netty.channel.DefaultChannelPool -- Entry count for : http://localhost:4444 : 1
11:49:08.369 [Forwarding findElement on session c92b95a2dd478a0090ecfbd288cb1b72 to remote] DEBUG org.asynchttpclient.netty.request.NettyRequestSender -- Using pooled Channel '[id: 0x96cd561f, L:/127.0.0.1:49586 - R:localhost/127.0.0.1:4444]' for 'POST' to 'http://localhost:4444/wd/hub/session/c92b95a2dd478a0090ecfbd288cb1b72/element'
11:49:08.369 [Forwarding findElement on session c92b95a2dd478a0090ecfbd288cb1b72 to remote] DEBUG org.asynchttpclient.netty.request.NettyRequestSender -- Using open Channel [id: 0x96cd561f, L:/127.0.0.1:49586 - R:localhost/127.0.0.1:4444] for POST '/wd/hub/session/c92b95a2dd478a0090ecfbd288cb1b72/element'
11:49:08.960 [AsyncHttpClient-1-3] DEBUG org.asynchttpclient.netty.handler.HttpHandler -- 

Request DefaultFullHttpRequest(decodeResult: success, version: HTTP/1.1, content: EmptyByteBufBE)
GET /wd/hub/session/3f9211adeeaed6232948cfafeff6cbb4/url HTTP/1.1
User-Agent: selenium/4.1.3 (java windows)
Cache-Control: no-cache
traceparent: 00-e537e912f4d8ee72dfe417a0bd2e97b6-b28117259f4407c4-01
Content-Type: application/json; charset=utf-8
host: localhost:4444
accept: */*

Response DefaultHttpResponse(decodeResult: success, version: HTTP/1.1)
HTTP/1.1 200 OK
content-type: application/json; charset=utf-8
cache-control: no-cache
content-length: 34

11:49:08.961 [AsyncHttpClient-1-3] DEBUG org.asynchttpclient.netty.channel.ChannelManager -- Adding key: http://localhost:4444 for channel [id: 0x18146819, L:/127.0.0.1:49584 - R:localhost/127.0.0.1:4444]
11:49:08.964 [Forwarding findElement on session 3f9211adeeaed6232948cfafeff6cbb4 to remote] DEBUG org.asynchttpclient.netty.request.NettyRequestSender -- Using pooled Channel '[id: 0x18146819, L:/127.0.0.1:49584 - R:localhost/127.0.0.1:4444]' for 'POST' to 'http://localhost:4444/wd/hub/session/3f9211adeeaed6232948cfafeff6cbb4/element'
11:49:08.964 [Forwarding findElement on session 3f9211adeeaed6232948cfafeff6cbb4 to remote] DEBUG org.asynchttpclient.netty.request.NettyRequestSender -- Using open Channel [id: 0x18146819, L:/127.0.0.1:49584 - R:localhost/127.0.0.1:4444] for POST '/wd/hub/session/3f9211adeeaed6232948cfafeff6cbb4/element'
11:49:08.985 [AsyncHttpClient-1-3] DEBUG org.asynchttpclient.netty.handler.HttpHandler -- 

Request DefaultHttpRequest(decodeResult: success, version: HTTP/1.1)
POST /wd/hub/session/3f9211adeeaed6232948cfafeff6cbb4/element HTTP/1.1
User-Agent: selenium/4.1.3 (java windows)
traceparent: 00-5e5ba9b5e8743a82f8a2cf9cf12f327e-2b7b773037e48257-01
Content-Length: 79
Content-Type: application/json; charset=utf-8
host: localhost:4444
accept: */*

Response DefaultHttpResponse(decodeResult: success, version: HTTP/1.1)
HTTP/1.1 200 OK
content-type: application/json; charset=utf-8
cache-control: no-cache
content-length: 126

11:49:08.985 [AsyncHttpClient-1-3] DEBUG org.asynchttpclient.netty.channel.ChannelManager -- Adding key: http://localhost:4444 for channel [id: 0x18146819, L:/127.0.0.1:49584 - R:localhost/127.0.0.1:4444]
11:49:08.990 [Forwarding isElementDisplayed on session 3f9211adeeaed6232948cfafeff6cbb4 to remote] DEBUG org.asynchttpclient.netty.request.NettyRequestSender -- Using pooled Channel '[id: 0x18146819, L:/127.0.0.1:49584 - R:localhost/127.0.0.1:4444]' for 'POST' to 'http://localhost:4444/wd/hub/session/3f9211adeeaed6232948cfafeff6cbb4/execute/sync'
11:49:08.991 [Forwarding isElementDisplayed on session 3f9211adeeaed6232948cfafeff6cbb4 to remote] DEBUG org.asynchttpclient.netty.request.NettyRequestSender -- Using open Channel [id: 0x18146819, L:/127.0.0.1:49584 - R:localhost/127.0.0.1:4444] for POST '/wd/hub/session/3f9211adeeaed6232948cfafeff6cbb4/execute/sync'
11:49:09.023 [AsyncHttpClient-1-3] DEBUG org.asynchttpclient.netty.handler.HttpHandler -- 

Request DefaultHttpRequest(decodeResult: success, version: HTTP/1.1)
POST /wd/hub/session/3f9211adeeaed6232948cfafeff6cbb4/execute/sync HTTP/1.1
User-Agent: selenium/4.1.3 (java windows)
traceparent: 00-31711a6f099719e6c1a403ec527d2a50-008678d659d6a410-01
Content-Length: 48818
Content-Type: application/json; charset=utf-8
host: localhost:4444
accept: */*

Response DefaultHttpResponse(decodeResult: success, version: HTTP/1.1)
HTTP/1.1 200 OK
content-type: application/json; charset=utf-8
cache-control: no-cache
content-length: 14

11:49:09.023 [AsyncHttpClient-1-3] DEBUG org.asynchttpclient.netty.channel.ChannelManager -- Adding key: http://localhost:4444 for channel [id: 0x18146819, L:/127.0.0.1:49584 - R:localhost/127.0.0.1:4444]
11:49:09.239 [AsyncHttpClient-1-4] DEBUG org.asynchttpclient.netty.handler.HttpHandler -- 

Request DefaultHttpRequest(decodeResult: success, version: HTTP/1.1)
POST /wd/hub/session/1a8601ad9d52522a3c3106b75b3090a3/url HTTP/1.1
User-Agent: selenium/4.1.3 (java windows)
traceparent: 00-0df2e873db5d3f6500d03c08c28542a8-7ef0bd3aa0bba945-01
Content-Length: 57
Content-Type: application/json; charset=utf-8
host: localhost:4444
accept: */*

Response DefaultHttpResponse(decodeResult: success, version: HTTP/1.1)
HTTP/1.1 200 OK
content-type: application/json; charset=utf-8
cache-control: no-cache
content-length: 14

11:49:09.240 [AsyncHttpClient-1-4] DEBUG org.asynchttpclient.netty.channel.ChannelManager -- Adding key: http://localhost:4444 for channel [id: 0x6569de87, L:/127.0.0.1:49585 - R:localhost/127.0.0.1:4444]
11:49:09.241 [Forwarding getCurrentUrl on session 1a8601ad9d52522a3c3106b75b3090a3 to remote] DEBUG org.asynchttpclient.netty.request.NettyRequestSender -- Using pooled Channel '[id: 0x6569de87, L:/127.0.0.1:49585 - R:localhost/127.0.0.1:4444]' for 'GET' to 'http://localhost:4444/wd/hub/session/1a8601ad9d52522a3c3106b75b3090a3/url'
11:49:09.241 [Forwarding getCurrentUrl on session 1a8601ad9d52522a3c3106b75b3090a3 to remote] DEBUG org.asynchttpclient.netty.request.NettyRequestSender -- Using open Channel [id: 0x6569de87, L:/127.0.0.1:49585 - R:localhost/127.0.0.1:4444] for GET '/wd/hub/session/1a8601ad9d52522a3c3106b75b3090a3/url'
11:49:09.251 [AsyncHttpClient-1-1] DEBUG org.asynchttpclient.netty.channel.DefaultChannelPool -- Entry count for : http://localhost:4444 : 1
11:49:09.257 [AsyncHttpClient-1-4] DEBUG org.asynchttpclient.netty.handler.HttpHandler -- 

Request DefaultFullHttpRequest(decodeResult: success, version: HTTP/1.1, content: EmptyByteBufBE)
GET /wd/hub/session/1a8601ad9d52522a3c3106b75b3090a3/url HTTP/1.1
User-Agent: selenium/4.1.3 (java windows)
Cache-Control: no-cache
traceparent: 00-0ceb0eebea5d0d20b6a1745ca56b7135-cb8df2fe310286bd-01
Content-Type: application/json; charset=utf-8
host: localhost:4444
accept: */*

Response DefaultHttpResponse(decodeResult: success, version: HTTP/1.1)
HTTP/1.1 200 OK
content-type: application/json; charset=utf-8
cache-control: no-cache
content-length: 34

11:49:09.257 [AsyncHttpClient-1-4] DEBUG org.asynchttpclient.netty.channel.ChannelManager -- Adding key: http://localhost:4444 for channel [id: 0x6569de87, L:/127.0.0.1:49585 - R:localhost/127.0.0.1:4444]
11:49:10.040 [Forwarding findElement on session 3f9211adeeaed6232948cfafeff6cbb4 to remote] DEBUG org.asynchttpclient.netty.request.NettyRequestSender -- Using pooled Channel '[id: 0x6569de87, L:/127.0.0.1:49585 - R:localhost/127.0.0.1:4444]' for 'POST' to 'http://localhost:4444/wd/hub/session/3f9211adeeaed6232948cfafeff6cbb4/element'
11:49:10.040 [Forwarding findElement on session 3f9211adeeaed6232948cfafeff6cbb4 to remote] DEBUG org.asynchttpclient.netty.request.NettyRequestSender -- Using open Channel [id: 0x6569de87, L:/127.0.0.1:49585 - R:localhost/127.0.0.1:4444] for POST '/wd/hub/session/3f9211adeeaed6232948cfafeff6cbb4/element'
11:49:10.059 [AsyncHttpClient-1-4] DEBUG org.asynchttpclient.netty.handler.HttpHandler -- 

Request DefaultHttpRequest(decodeResult: success, version: HTTP/1.1)
POST /wd/hub/session/3f9211adeeaed6232948cfafeff6cbb4/element HTTP/1.1
User-Agent: selenium/4.1.3 (java windows)
traceparent: 00-6d90efa00ccb472c73daa063b143befd-c81b487f886e9d0c-01
Content-Length: 79
Content-Type: application/json; charset=utf-8
host: localhost:4444
accept: */*

Response DefaultHttpResponse(decodeResult: success, version: HTTP/1.1)
HTTP/1.1 200 OK
content-type: application/json; charset=utf-8
cache-control: no-cache
content-length: 126

11:49:10.059 [AsyncHttpClient-1-4] DEBUG org.asynchttpclient.netty.channel.ChannelManager -- Adding key: http://localhost:4444 for channel [id: 0x6569de87, L:/127.0.0.1:49585 - R:localhost/127.0.0.1:4444]
11:49:10.062 [Forwarding clickElement on session 3f9211adeeaed6232948cfafeff6cbb4 to remote] DEBUG org.asynchttpclient.netty.request.NettyRequestSender -- Using pooled Channel '[id: 0x6569de87, L:/127.0.0.1:49585 - R:localhost/127.0.0.1:4444]' for 'POST' to 'http://localhost:4444/wd/hub/session/3f9211adeeaed6232948cfafeff6cbb4/element/f.5E15E87CC25C3F89ABD1C502AC9157B0.d.B402EDEA86675ED455F2372EB44A87C0.e.49/click'
11:49:10.062 [Forwarding clickElement on session 3f9211adeeaed6232948cfafeff6cbb4 to remote] DEBUG org.asynchttpclient.netty.request.NettyRequestSender -- Using open Channel [id: 0x6569de87, L:/127.0.0.1:49585 - R:localhost/127.0.0.1:4444] for POST '/wd/hub/session/3f9211adeeaed6232948cfafeff6cbb4/element/f.5E15E87CC25C3F89ABD1C502AC9157B0.d.B402EDEA86675ED455F2372EB44A87C0.e.49/click'
11:49:10.351 [AsyncHttpClient-1-1] DEBUG org.asynchttpclient.netty.channel.DefaultChannelPool -- Entry count for : http://localhost:4444 : 1
11:49:11.454 [AsyncHttpClient-1-1] DEBUG org.asynchttpclient.netty.channel.DefaultChannelPool -- Entry count for : http://localhost:4444 : 1
11:49:12.551 [AsyncHttpClient-1-1] DEBUG org.asynchttpclient.netty.channel.DefaultChannelPool -- Entry count for : http://localhost:4444 : 1
11:49:13.412 [AsyncHttpClient-1-2] DEBUG org.asynchttpclient.netty.handler.HttpHandler -- 

Request DefaultHttpRequest(decodeResult: success, version: HTTP/1.1)
POST /wd/hub/session/c92b95a2dd478a0090ecfbd288cb1b72/element HTTP/1.1
User-Agent: selenium/4.1.3 (java windows)
traceparent: 00-3cd7bea7ca6dd5753e74b29da5bddbee-5e24bb6e3cb98119-01
Content-Length: 110
Content-Type: application/json; charset=utf-8
host: localhost:4444
accept: */*

Response DefaultHttpResponse(decodeResult: success, version: HTTP/1.1)
HTTP/1.1 404 Not Found
content-type: application/json; charset=utf-8
cache-control: no-cache
content-length: 1096

11:49:13.413 [AsyncHttpClient-1-2] DEBUG org.asynchttpclient.netty.channel.ChannelManager -- Adding key: http://localhost:4444 for channel [id: 0x96cd561f, L:/127.0.0.1:49586 - R:localhost/127.0.0.1:4444]
]]></system-out>
    <system-err><![CDATA[Aug 27, 2024 11:48:58 AM org.openqa.selenium.remote.ProtocolHandshake createSession
INFO: Detected dialect: W3C
Aug 27, 2024 11:48:58 AM org.openqa.selenium.remote.ProtocolHandshake createSession
INFO: Detected dialect: W3C
]]></system-err>
  </testcase>
  <testcase name="runScenario[&quot;Check User Can Sing UP&quot;, &quot;Optional[Verify Daraz works properly]&quot;](4)" classname="TestRunner.TestRunner" time="10.92">
    <failure message="no such element: Unable to locate element: {&quot;method&quot;:&quot;xpath&quot;,&quot;selector&quot;:&quot;//a[normalize-space()=&apos;Sign Up&apos;]&quot;}&#10;  (Session info: chrome=128.0.6613.85)&#10;For documentation on this error, please visit: https://selenium.dev/exceptions/#no_such_element&#10;Build info: version: &apos;4.1.3&apos;, revision: &apos;7b1ebf28ef&apos;&#10;System info: host: &apos;DESKTOP-BVQA7TS&apos;, ip: &apos;192.168.56.1&apos;, os.name: &apos;Windows 11&apos;, os.arch: &apos;amd64&apos;, os.version: &apos;10.0&apos;, java.version: &apos;17.0.5&apos;&#10;Driver info: org.openqa.selenium.remote.RemoteWebDriver&#10;Command: [1a8601ad9d52522a3c3106b75b3090a3, findElement {using=xpath, value=//a[normalize-space()=&apos;Sign Up&apos;]}]&#10;Capabilities {acceptInsecureCerts: false, browserName: chrome, browserVersion: 128.0.6613.85, chrome: {chromedriverVersion: 128.0.6613.84 (606aa55c7d68..., userDataDir: C:\Users\RAHULS~1\AppData\L...}, fedcm:accounts: true, goog:chromeOptions: {debuggerAddress: localhost:50117}, javascriptEnabled: true, networkConnectionEnabled: false, pageLoadStrategy: normal, platform: XP, platformName: XP, proxy: Proxy(), se:bidiEnabled: false, se:cdp: ws://localhost:4444/session..., se:cdpVersion: 128.0.6613.85, setWindowRect: true, strictFileInteractability: false, timeouts: {implicit: 0, pageLoad: 300000, script: 30000}, unhandledPromptBehavior: dismiss and notify, webauthn:extension:credBlob: true, webauthn:extension:largeBlob: true, webauthn:extension:minPinLength: true, webauthn:extension:prf: true, webauthn:virtualAuthenticators: true}&#10;Session ID: 1a8601ad9d52522a3c3106b75b3090a3" type="org.openqa.selenium.NoSuchElementException"><![CDATA[org.openqa.selenium.NoSuchElementException: 
no such element: Unable to locate element: {"method":"xpath","selector":"//a[normalize-space()='Sign Up']"}
  (Session info: chrome=128.0.6613.85)
For documentation on this error, please visit: https://selenium.dev/exceptions/#no_such_element
Build info: version: '4.1.3', revision: '7b1ebf28ef'
System info: host: 'DESKTOP-BVQA7TS', ip: '192.168.56.1', os.name: 'Windows 11', os.arch: 'amd64', os.version: '10.0', java.version: '17.0.5'
Driver info: org.openqa.selenium.remote.RemoteWebDriver
Command: [1a8601ad9d52522a3c3106b75b3090a3, findElement {using=xpath, value=//a[normalize-space()='Sign Up']}]
Capabilities {acceptInsecureCerts: false, browserName: chrome, browserVersion: 128.0.6613.85, chrome: {chromedriverVersion: 128.0.6613.84 (606aa55c7d68..., userDataDir: C:\Users\RAHULS~1\AppData\L...}, fedcm:accounts: true, goog:chromeOptions: {debuggerAddress: localhost:50117}, javascriptEnabled: true, networkConnectionEnabled: false, pageLoadStrategy: normal, platform: XP, platformName: XP, proxy: Proxy(), se:bidiEnabled: false, se:cdp: ws://localhost:4444/session..., se:cdpVersion: 128.0.6613.85, setWindowRect: true, strictFileInteractability: false, timeouts: {implicit: 0, pageLoad: 300000, script: 30000}, unhandledPromptBehavior: dismiss and notify, webauthn:extension:credBlob: true, webauthn:extension:largeBlob: true, webauthn:extension:minPinLength: true, webauthn:extension:prf: true, webauthn:virtualAuthenticators: true}
Session ID: 1a8601ad9d52522a3c3106b75b3090a3
]]></failure>
    <system-out><![CDATA[11:49:13.536 [Forwarding newSession on session null to remote] DEBUG org.asynchttpclient.netty.request.NettyRequestSender -- Using pooled Channel '[id: 0x96cd561f, L:/127.0.0.1:49586 - R:localhost/127.0.0.1:4444]' for 'POST' to 'http://localhost:4444/wd/hub/session'
11:49:13.536 [Forwarding newSession on session null to remote] DEBUG org.asynchttpclient.netty.request.NettyRequestSender -- Using open Channel [id: 0x96cd561f, L:/127.0.0.1:49586 - R:localhost/127.0.0.1:4444] for POST '/wd/hub/session'
11:49:13.652 [AsyncHttpClient-1-1] DEBUG org.asynchttpclient.netty.channel.DefaultChannelPool -- Entry count for : http://localhost:4444 : 1
11:49:14.759 [AsyncHttpClient-1-1] DEBUG org.asynchttpclient.netty.channel.DefaultChannelPool -- Entry count for : http://localhost:4444 : 1
11:49:15.319 [AsyncHttpClient-1-2] DEBUG org.asynchttpclient.netty.handler.HttpHandler -- 

Request DefaultHttpRequest(decodeResult: success, version: HTTP/1.1)
POST /wd/hub/session HTTP/1.1
User-Agent: selenium/4.1.3 (java windows)
traceparent: 00-7b9911e0f946a1c05bd2cb3a1397f05c-eef8089409b801da-01
Content-Length: 341
Content-Type: application/json; charset=utf-8
host: localhost:4444
accept: */*

Response DefaultHttpResponse(decodeResult: success, version: HTTP/1.1)
HTTP/1.1 200 OK
Cache-Control: no-cache
Content-Type: application/json; charset=utf-8
content-length: 1350

11:49:15.321 [AsyncHttpClient-1-2] DEBUG org.asynchttpclient.netty.channel.ChannelManager -- Adding key: http://localhost:4444 for channel [id: 0x96cd561f, L:/127.0.0.1:49586 - R:localhost/127.0.0.1:4444]
[...]
User-Agent: selenium/4.1.3 (java windows)
traceparent: 00-a919634f404302be9cd3ceba63086aa3-9d779733ca9a7915-01
Content-Length: 70
Content-Type: application/json; charset=utf-8
host: localhost:4444
accept: */*

Response DefaultHttpResponse(decodeResult: success, version: HTTP/1.1)
HTTP/1.1 200 OK
content-type: application/json; charset=utf-8
cache-control: no-cache
content-length: 126

11:52:28.320 [AsyncHttpClient-1-2] DEBUG org.asynchttpclient.netty.channel.ChannelManager -- Adding key: http://localhost:4444 for channel [id: 0x96cd561f, L:/127.0.0.1:49586 - R:localhost/127.0.0.1:4444]
11:52:28.340 [Forwarding isElementDisplayed on session d64f078585cd4c3bc75af45e29fe23c4 to remote] DEBUG org.asynchttpclient.netty.request.NettyRequestSender -- Using pooled Channel '[id: 0x96cd561f, L:/127.0.0.1:49586 - R:localhost/127.0.0.1:4444]' for 'POST' to 'http://localhost:4444/wd/hub/session/d64f078585cd4c3bc75af45e29fe23c4/execute/sync'
11:52:28.341 [Forwarding isElementDisplayed on session d64f078585cd4c3bc75af45e29fe23c4 to remote] DEBUG org.asynchttpclient.netty.request.NettyRequestSender -- Using open Channel [id: 0x96cd561f, L:/127.0.0.1:49586 - R:localhost/127.0.0.1:4444] for POST '/wd/hub/session/d64f078585cd4c3bc75af45e29fe23c4/execute/sync'
11:52:28.572 [AsyncHttpClient-1-1] DEBUG org.asynchttpclient.netty.channel.DefaultChannelPool -- Entry count for : http://localhost:4444 : 2
11:52:28.849 [AsyncHttpClient-1-2] DEBUG org.asynchttpclient.netty.handler.HttpHandler -- 

Request DefaultHttpRequest(decodeResult: success, version: HTTP/1.1)
POST /wd/hub/session/d64f078585cd4c3bc75af45e29fe23c4/execute/sync HTTP/1.1
User-Agent: selenium/4.1.3 (java windows)
traceparent: 00-19882116210e41099f88b068b074e657-0097f668c06491c2-01
Content-Length: 48818
Content-Type: application/json; charset=utf-8
host: localhost:4444
accept: */*

Response DefaultHttpResponse(decodeResult: success, version: HTTP/1.1)
HTTP/1.1 200 OK
content-type: application/json; charset=utf-8
cache-control: no-cache
content-length: 14

11:52:28.850 [AsyncHttpClient-1-2] DEBUG org.asynchttpclient.netty.channel.ChannelManager -- Adding key: http://localhost:4444 for channel [id: 0x96cd561f, L:/127.0.0.1:49586 - R:localhost/127.0.0.1:4444]
11:52:28.863 [Forwarding findElement on session d64f078585cd4c3bc75af45e29fe23c4 to remote] DEBUG org.asynchttpclient.netty.request.NettyRequestSender -- Using pooled Channel '[id: 0x96cd561f, L:/127.0.0.1:49586 - R:localhost/127.0.0.1:4444]' for 'POST' to 'http://localhost:4444/wd/hub/session/d64f078585cd4c3bc75af45e29fe23c4/element'
11:52:28.863 [Forwarding findElement on session d64f078585cd4c3bc75af45e29fe23c4 to remote] DEBUG org.asynchttpclient.netty.request.NettyRequestSender -- Using open Channel [id: 0x96cd561f, L:/127.0.0.1:49586 - R:localhost/127.0.0.1:4444] for POST '/wd/hub/session/d64f078585cd4c3bc75af45e29fe23c4/element'
11:52:29.003 [AsyncHttpClient-1-2] DEBUG org.asynchttpclient.netty.handler.HttpHandler -- 

Request DefaultHttpRequest(decodeResult: success, version: HTTP/1.1)
POST /wd/hub/session/d64f078585cd4c3bc75af45e29fe23c4/element HTTP/1.1
User-Agent: selenium/4.1.3 (java windows)
traceparent: 00-a1add87d850fc62f15260cf531dd43d1-f3d1259c341802ba-01
Content-Length: 70
Content-Type: application/json; charset=utf-8
host: localhost:4444
accept: */*

Response DefaultHttpResponse(decodeResult: success, version: HTTP/1.1)
HTTP/1.1 200 OK
content-type: application/json; charset=utf-8
cache-control: no-cache
content-length: 126

11:52:29.005 [AsyncHttpClient-1-2] DEBUG org.asynchttpclient.netty.channel.ChannelManager -- Adding key: http://localhost:4444 for channel [id: 0x96cd561f, L:/127.0.0.1:49586 - R:localhost/127.0.0.1:4444]
11:52:29.013 [Forwarding clickElement on session d64f078585cd4c3bc75af45e29fe23c4 to remote] DEBUG org.asynchttpclient.netty.request.NettyRequestSender -- Using pooled Channel '[id: 0x96cd561f, L:/127.0.0.1:49586 - R:localhost/127.0.0.1:4444]' for 'POST' to 'http://localhost:4444/wd/hub/session/d64f078585cd4c3bc75af45e29fe23c4/element/f.13C036E34C4D2E2B6250A0E56C42F8B3.d.B5D4CADC7AE5F93E898441B9DC917BDA.e.78/click'
11:52:29.013 [Forwarding clickElement on session d64f078585cd4c3bc75af45e29fe23c4 to remote] DEBUG org.asynchttpclient.netty.request.NettyRequestSender -- Using open Channel [id: 0x96cd561f, L:/127.0.0.1:49586 - R:localhost/127.0.0.1:4444] for POST '/wd/hub/session/d64f078585cd4c3bc75af45e29fe23c4/element/f.13C036E34C4D2E2B6250A0E56C42F8B3.d.B5D4CADC7AE5F93E898441B9DC917BDA.e.78/click'
11:52:29.652 [AsyncHttpClient-1-1] DEBUG org.asynchttpclient.netty.channel.DefaultChannelPool -- Entry count for : http://localhost:4444 : 2
11:52:29.675 [Forwarding findElement on session 7522f5eeb1a198ce943c3adb150de040 to remote] DEBUG org.asynchttpclient.netty.request.NettyRequestSender -- Using pooled Channel '[id: 0x18146819, L:/127.0.0.1:49584 - R:localhost/127.0.0.1:4444]' for 'POST' to 'http://localhost:4444/wd/hub/session/7522f5eeb1a198ce943c3adb150de040/element'
11:52:29.675 [Forwarding findElement on session 7522f5eeb1a198ce943c3adb150de040 to remote] DEBUG org.asynchttpclient.netty.request.NettyRequestSender -- Using open Channel [id: 0x18146819, L:/127.0.0.1:49584 - R:localhost/127.0.0.1:4444] for POST '/wd/hub/session/7522f5eeb1a198ce943c3adb150de040/element'
11:52:30.131 [AsyncHttpClient-1-2] DEBUG org.asynchttpclient.netty.handler.HttpHandler -- 

Request DefaultHttpRequest(decodeResult: success, version: HTTP/1.1)
POST /wd/hub/session/d64f078585cd4c3bc75af45e29fe23c4/element/f.13C036E34C4D2E2B6250A0E56C42F8B3.d.B5D4CADC7AE5F93E898441B9DC917BDA.e.78/click HTTP/1.1
User-Agent: selenium/4.1.3 (java windows)
traceparent: 00-4cc6966210d34c5d935b851190053f2c-dc7c48f408ae74b3-01
Content-Length: 88
Content-Type: application/json; charset=utf-8
host: localhost:4444
accept: */*

Response DefaultHttpResponse(decodeResult: success, version: HTTP/1.1)
HTTP/1.1 200 OK
content-type: application/json; charset=utf-8
cache-control: no-cache
content-length: 14

11:52:30.132 [AsyncHttpClient-1-2] DEBUG org.asynchttpclient.netty.channel.ChannelManager -- Adding key: http://localhost:4444 for channel [id: 0x96cd561f, L:/127.0.0.1:49586 - R:localhost/127.0.0.1:4444]
11:52:30.320 [AsyncHttpClient-1-3] DEBUG org.asynchttpclient.netty.handler.HttpHandler -- 

Request DefaultHttpRequest(decodeResult: success, version: HTTP/1.1)
POST /wd/hub/session/7522f5eeb1a198ce943c3adb150de040/element HTTP/1.1
User-Agent: selenium/4.1.3 (java windows)
traceparent: 00-3949b3440097aa3ee60e906974b819da-6cb4f72d0db3374b-01
Content-Length: 92
Content-Type: application/json; charset=utf-8
host: localhost:4444
accept: */*

Response DefaultHttpResponse(decodeResult: success, version: HTTP/1.1)
HTTP/1.1 200 OK
content-type: application/json; charset=utf-8
cache-control: no-cache
content-length: 126

11:52:30.321 [AsyncHttpClient-1-3] DEBUG org.asynchttpclient.netty.channel.ChannelManager -- Adding key: http://localhost:4444 for channel [id: 0x18146819, L:/127.0.0.1:49584 - R:localhost/127.0.0.1:4444]
11:52:30.343 [Forwarding isElementDisplayed on session 7522f5eeb1a198ce943c3adb150de040 to remote] DEBUG org.asynchttpclient.netty.request.NettyRequestSender -- Using pooled Channel '[id: 0x18146819, L:/127.0.0.1:49584 - R:localhost/127.0.0.1:4444]' for 'POST' to 'http://localhost:4444/wd/hub/session/7522f5eeb1a198ce943c3adb150de040/execute/sync'
11:52:30.343 [Forwarding isElementDisplayed on session 7522f5eeb1a198ce943c3adb150de040 to remote] DEBUG org.asynchttpclient.netty.request.NettyRequestSender -- Using open Channel [id: 0x18146819, L:/127.0.0.1:49584 - R:localhost/127.0.0.1:4444] for POST '/wd/hub/session/7522f5eeb1a198ce943c3adb150de040/execute/sync'
11:52:30.483 [AsyncHttpClient-1-3] DEBUG org.asynchttpclient.netty.handler.HttpHandler -- 

Request DefaultHttpRequest(decodeResult: success, version: HTTP/1.1)
POST /wd/hub/session/7522f5eeb1a198ce943c3adb150de040/execute/sync HTTP/1.1
User-Agent: selenium/4.1.3 (java windows)
traceparent: 00-fab5699709b8a7d29d53915a5aa4ea45-10e4db3cefdf9ee1-01
Content-Length: 48818
Content-Type: application/json; charset=utf-8
host: localhost:4444
accept: */*

Response DefaultHttpResponse(decodeResult: success, version: HTTP/1.1)
HTTP/1.1 200 OK
content-type: application/json; charset=utf-8
cache-control: no-cache
content-length: 14

11:52:30.484 [AsyncHttpClient-1-3] DEBUG org.asynchttpclient.netty.channel.ChannelManager -- Adding key: http://localhost:4444 for channel [id: 0x18146819, L:/127.0.0.1:49584 - R:localhost/127.0.0.1:4444]
11:52:30.493 [Forwarding findElement on session 7522f5eeb1a198ce943c3adb150de040 to remote] DEBUG org.asynchttpclient.netty.request.NettyRequestSender -- Using pooled Channel '[id: 0x18146819, L:/127.0.0.1:49584 - R:localhost/127.0.0.1:4444]' for 'POST' to 'http://localhost:4444/wd/hub/session/7522f5eeb1a198ce943c3adb150de040/element'
11:52:30.493 [Forwarding findElement on session 7522f5eeb1a198ce943c3adb150de040 to remote] DEBUG org.asynchttpclient.netty.request.NettyRequestSender -- Using open Channel [id: 0x18146819, L:/127.0.0.1:49584 - R:localhost/127.0.0.1:4444] for POST '/wd/hub/session/7522f5eeb1a198ce943c3adb150de040/element'
11:52:30.562 [AsyncHttpClient-1-3] DEBUG org.asynchttpclient.netty.handler.HttpHandler -- 

Request DefaultHttpRequest(decodeResult: success, version: HTTP/1.1)
POST /wd/hub/session/7522f5eeb1a198ce943c3adb150de040/element HTTP/1.1
User-Agent: selenium/4.1.3 (java windows)
traceparent: 00-665b5e609a082c1c0a0448b5c05452ef-bf4320e613c03dec-01
Content-Length: 92
Content-Type: application/json; charset=utf-8
host: localhost:4444
accept: */*

Response DefaultHttpResponse(decodeResult: success, version: HTTP/1.1)
HTTP/1.1 200 OK
content-type: application/json; charset=utf-8
cache-control: no-cache
content-length: 126

11:52:30.563 [AsyncHttpClient-1-3] DEBUG org.asynchttpclient.netty.channel.ChannelManager -- Adding key: http://localhost:4444 for channel [id: 0x18146819, L:/127.0.0.1:49584 - R:localhost/127.0.0.1:4444]
11:52:30.570 [Forwarding clickElement on session 7522f5eeb1a198ce943c3adb150de040 to remote] DEBUG org.asynchttpclient.netty.request.NettyRequestSender -- Using pooled Channel '[id: 0x18146819, L:/127.0.0.1:49584 - R:localhost/127.0.0.1:4444]' for 'POST' to 'http://localhost:4444/wd/hub/session/7522f5eeb1a198ce943c3adb150de040/element/f.C158814A9D547169A37D08F99B4B19CE.d.8D24FC97770AAF3413D11F4DDE66A07D.e.69/click'
11:52:30.570 [Forwarding clickElement on session 7522f5eeb1a198ce943c3adb150de040 to remote] DEBUG org.asynchttpclient.netty.request.NettyRequestSender -- Using open Channel [id: 0x18146819, L:/127.0.0.1:49584 - R:localhost/127.0.0.1:4444] for POST '/wd/hub/session/7522f5eeb1a198ce943c3adb150de040/element/f.C158814A9D547169A37D08F99B4B19CE.d.8D24FC97770AAF3413D11F4DDE66A07D.e.69/click'
11:52:30.751 [AsyncHttpClient-1-1] DEBUG org.asynchttpclient.netty.channel.DefaultChannelPool -- Entry count for : http://localhost:4444 : 2
11:52:31.149 [Forwarding findElement on session d64f078585cd4c3bc75af45e29fe23c4 to remote] DEBUG org.asynchttpclient.netty.request.NettyRequestSender -- Using pooled Channel '[id: 0x96cd561f, L:/127.0.0.1:49586 - R:localhost/127.0.0.1:4444]' for 'POST' to 'http://localhost:4444/wd/hub/session/d64f078585cd4c3bc75af45e29fe23c4/element'
11:52:31.149 [Forwarding findElement on session d64f078585cd4c3bc75af45e29fe23c4 to remote] DEBUG org.asynchttpclient.netty.request.NettyRequestSender -- Using open Channel [id: 0x96cd561f, L:/127.0.0.1:49586 - R:localhost/127.0.0.1:4444] for POST '/wd/hub/session/d64f078585cd4c3bc75af45e29fe23c4/element'
11:52:31.241 [AsyncHttpClient-1-2] DEBUG org.asynchttpclient.netty.handler.HttpHandler -- 

Request DefaultHttpRequest(decodeResult: success, version: HTTP/1.1)
POST /wd/hub/session/d64f078585cd4c3bc75af45e29fe23c4/element HTTP/1.1
User-Agent: selenium/4.1.3 (java windows)
traceparent: 00-0dc8ae4cee64c2e617753fe55495da22-30dc72d9295fd4d6-01
Content-Length: 70
Content-Type: application/json; charset=utf-8
host: localhost:4444
accept: */*

Response DefaultHttpResponse(decodeResult: success, version: HTTP/1.1)
HTTP/1.1 200 OK
content-type: application/json; charset=utf-8
cache-control: no-cache
content-length: 126

11:52:31.242 [AsyncHttpClient-1-2] DEBUG org.asynchttpclient.netty.channel.ChannelManager -- Adding key: http://localhost:4444 for channel [id: 0x96cd561f, L:/127.0.0.1:49586 - R:localhost/127.0.0.1:4444]
11:52:31.260 [Forwarding sendKeysToElement on session d64f078585cd4c3bc75af45e29fe23c4 to remote] DEBUG org.asynchttpclient.netty.request.NettyRequestSender -- Using pooled Channel '[id: 0x96cd561f, L:/127.0.0.1:49586 - R:localhost/127.0.0.1:4444]' for 'POST' to 'http://localhost:4444/wd/hub/session/d64f078585cd4c3bc75af45e29fe23c4/element/f.13C036E34C4D2E2B6250A0E56C42F8B3.d.B5D4CADC7AE5F93E898441B9DC917BDA.e.78/value'
11:52:31.260 [Forwarding sendKeysToElement on session d64f078585cd4c3bc75af45e29fe23c4 to remote] DEBUG org.asynchttpclient.netty.request.NettyRequestSender -- Using open Channel [id: 0x96cd561f, L:/127.0.0.1:49586 - R:localhost/127.0.0.1:4444] for POST '/wd/hub/session/d64f078585cd4c3bc75af45e29fe23c4/element/f.13C036E34C4D2E2B6250A0E56C42F8B3.d.B5D4CADC7AE5F93E898441B9DC917BDA.e.78/value'
11:52:31.342 [AsyncHttpClient-1-3] DEBUG org.asynchttpclient.netty.handler.HttpHandler -- 

Request DefaultHttpRequest(decodeResult: success, version: HTTP/1.1)
POST /wd/hub/session/7522f5eeb1a198ce943c3adb150de040/element/f.C158814A9D547169A37D08F99B4B19CE.d.8D24FC97770AAF3413D11F4DDE66A07D.e.69/click HTTP/1.1
User-Agent: selenium/4.1.3 (java windows)
traceparent: 00-b76bf75d96b23133234a45267cc6c806-0c7048e2c15c8195-01
Content-Length: 88
Content-Type: application/json; charset=utf-8
host: localhost:4444
accept: */*

Response DefaultHttpResponse(decodeResult: success, version: HTTP/1.1)
HTTP/1.1 200 OK
content-type: application/json; charset=utf-8
cache-control: no-cache
content-length: 14

11:52:31.344 [AsyncHttpClient-1-3] DEBUG org.asynchttpclient.netty.channel.ChannelManager -- Adding key: http://localhost:4444 for channel [id: 0x18146819, L:/127.0.0.1:49584 - R:localhost/127.0.0.1:4444]
]]></system-out>
  </testcase>
  <testcase name="runScenario[&quot;Verify that Search option work Properly&quot;, &quot;Optional[Verify Brikroy icon work properly_2]&quot;](14)" classname="TestRunner.TestRunner" time="119.533">
    <system-out><![CDATA[11:52:31.863 [AsyncHttpClient-1-1] DEBUG org.asynchttpclient.netty.channel.DefaultChannelPool -- Entry count for : http://localhost:4444 : 2
11:52:31.990 [AsyncHttpClient-1-2] DEBUG org.asynchttpclient.netty.handler.HttpHandler -- 

Request DefaultHttpRequest(decodeResult: success, version: HTTP/1.1)
POST /wd/hub/session/d64f078585cd4c3bc75af45e29fe23c4/element/f.13C036E34C4D2E2B6250A0E56C42F8B3.d.B5D4CADC7AE5F93E898441B9DC917BDA.e.78/value HTTP/1.1
User-Agent: selenium/4.1.3 (java windows)
traceparent: 00-bdd31841e6b034694f5d941947001b4c-0ce216760db48a7f-01
Content-Length: 179
Content-Type: application/json; charset=utf-8
host: localhost:4444
accept: */*

Response DefaultHttpResponse(decodeResult: success, version: HTTP/1.1)
HTTP/1.1 200 OK
content-type: application/json; charset=utf-8
cache-control: no-cache
content-length: 14

11:52:31.991 [AsyncHttpClient-1-2] DEBUG org.asynchttpclient.netty.channel.ChannelManager -- Adding key: http://localhost:4444 for channel [id: 0x96cd561f, L:/127.0.0.1:49586 - R:localhost/127.0.0.1:4444]
11:52:32.996 [AsyncHttpClient-1-1] DEBUG org.asynchttpclient.netty.channel.DefaultChannelPool -- Entry count for : http://localhost:4444 : 3
11:52:33.070 [Forwarding findElement on session d64f078585cd4c3bc75af45e29fe23c4 to remote] DEBUG org.asynchttpclient.netty.request.NettyRequestSender -- Using pooled Channel '[id: 0x96cd561f, L:/127.0.0.1:49586 - R:localhost/127.0.0.1:4444]' for 'POST' to 'http://localhost:4444/wd/hub/session/d64f078585cd4c3bc75af45e29fe23c4/element'
11:52:33.071 [Forwarding findElement on session d64f078585cd4c3bc75af45e29fe23c4 to remote] DEBUG org.asynchttpclient.netty.request.NettyRequestSender -- Using open Channel [id: 0x96cd561f, L:/127.0.0.1:49586 - R:localhost/127.0.0.1:4444] for POST '/wd/hub/session/d64f078585cd4c3bc75af45e29fe23c4/element'
11:52:33.243 [AsyncHttpClient-1-2] DEBUG org.asynchttpclient.netty.handler.HttpHandler -- 

Request DefaultHttpRequest(decodeResult: success, version: HTTP/1.1)
POST /wd/hub/session/d64f078585cd4c3bc75af45e29fe23c4/element HTTP/1.1
User-Agent: selenium/4.1.3 (java windows)
traceparent: 00-6b6cac2715af31185ce33b800a2c2a10-a796086fd7e944ae-01
Content-Length: 71
Content-Type: application/json; charset=utf-8
host: localhost:4444
accept: */*

Response DefaultHttpResponse(decodeResult: success, version: HTTP/1.1)
HTTP/1.1 200 OK
content-type: application/json; charset=utf-8
cache-control: no-cache
content-length: 126

11:52:33.244 [AsyncHttpClient-1-2] DEBUG org.asynchttpclient.netty.channel.ChannelManager -- Adding key: http://localhost:4444 for channel [id: 0x96cd561f, L:/127.0.0.1:49586 - R:localhost/127.0.0.1:4444]
11:52:33.251 [Forwarding clickElement on session d64f078585cd4c3bc75af45e29fe23c4 to remote] DEBUG org.asynchttpclient.netty.request.NettyRequestSender -- Using pooled Channel '[id: 0x96cd561f, L:/127.0.0.1:49586 - R:localhost/127.0.0.1:4444]' for 'POST' to 'http://localhost:4444/wd/hub/session/d64f078585cd4c3bc75af45e29fe23c4/element/f.13C036E34C4D2E2B6250A0E56C42F8B3.d.B5D4CADC7AE5F93E898441B9DC917BDA.e.85/click'
11:52:33.251 [Forwarding clickElement on session d64f078585cd4c3bc75af45e29fe23c4 to remote] DEBUG org.asynchttpclient.netty.request.NettyRequestSender -- Using open Channel [id: 0x96cd561f, L:/127.0.0.1:49586 - R:localhost/127.0.0.1:4444] for POST '/wd/hub/session/d64f078585cd4c3bc75af45e29fe23c4/element/f.13C036E34C4D2E2B6250A0E56C42F8B3.d.B5D4CADC7AE5F93E898441B9DC917BDA.e.85/click'
11:52:34.084 [AsyncHttpClient-1-1] DEBUG org.asynchttpclient.netty.channel.DefaultChannelPool -- Entry count for : http://localhost:4444 : 2
11:52:35.224 [AsyncHttpClient-1-1] DEBUG org.asynchttpclient.netty.channel.DefaultChannelPool -- Entry count for : http://localhost:4444 : 2
11:52:36.252 [AsyncHttpClient-1-1] DEBUG org.asynchttpclient.netty.channel.DefaultChannelPool -- Entry count for : http://localhost:4444 : 2
11:52:37.360 [AsyncHttpClient-1-1] DEBUG org.asynchttpclient.netty.channel.DefaultChannelPool -- Entry count for : http://localhost:4444 : 2
11:52:38.450 [AsyncHttpClient-1-1] DEBUG org.asynchttpclient.netty.channel.DefaultChannelPool -- Entry count for : http://localhost:4444 : 2
11:52:39.584 [AsyncHttpClient-1-1] DEBUG org.asynchttpclient.netty.channel.DefaultChannelPool -- Entry count for : http://localhost:4444 : 2
11:52:40.669 [AsyncHttpClient-1-1] DEBUG org.asynchttpclient.netty.channel.DefaultChannelPool -- Entry count for : http://localhost:4444 : 2
11:52:41.752 [AsyncHttpClient-1-1] DEBUG org.asynchttpclient.netty.channel.DefaultChannelPool -- Entry count for : http://localhost:4444 : 2
11:52:41.870 [AsyncHttpClient-1-2] DEBUG org.asynchttpclient.netty.handler.HttpHandler -- 

Request DefaultHttpRequest(decodeResult: success, version: HTTP/1.1)
POST /wd/hub/session/d64f078585cd4c3bc75af45e29fe23c4/element/f.13C036E34C4D2E2B6250A0E56C42F8B3.d.B5D4CADC7AE5F93E898441B9DC917BDA.e.85/click HTTP/1.1
User-Agent: selenium/4.1.3 (java windows)
traceparent: 00-42753c652f8a70c8416b9dc69ffc3b0e-7f5a89a7965e204f-01
Content-Length: 88
Content-Type: application/json; charset=utf-8
host: localhost:4444
accept: */*

Response DefaultHttpResponse(decodeResult: success, version: HTTP/1.1)
HTTP/1.1 200 OK
content-type: application/json; charset=utf-8
cache-control: no-cache
content-length: 14

11:52:41.873 [AsyncHttpClient-1-2] DEBUG org.asynchttpclient.netty.channel.ChannelManager -- Adding key: http://localhost:4444 for channel [id: 0x96cd561f, L:/127.0.0.1:49586 - R:localhost/127.0.0.1:4444]
]]></system-out>
  </testcase>
</testsuite>